<?xml version="1.0" encoding="UTF-8"?>
<testsuite xmlns:xsi="http://www.w3.org/2001/XMLSchema-instance" xsi:noNamespaceSchemaLocation="https://maven.apache.org/surefire/maven-surefire-plugin/xsd/surefire-test-report.xsd" name="com.liao.ProviderServerApplicationTests" time="2.434" tests="1" errors="1" skipped="0" failures="0">
  <properties>
    <property name="sun.desktop" value="windows"/>
    <property name="awt.toolkit" value="sun.awt.windows.WToolkit"/>
    <property name="file.encoding.pkg" value="sun.io"/>
    <property name="java.specification.version" value="1.8"/>
    <property name="sun.cpu.isalist" value="amd64"/>
    <property name="sun.jnu.encoding" value="GBK"/>
    <property name="java.class.path" value="D:\git_project\dubbo-zookeeper\provider-server\target\test-classes;D:\git_project\dubbo-zookeeper\provider-server\target\classes;D:\Program Files\apache-maven-3.6.0-bin\repository\org\springframework\boot\spring-boot-starter-web\2.4.4\spring-boot-starter-web-2.4.4.jar;D:\Program Files\apache-maven-3.6.0-bin\repository\org\springframework\boot\spring-boot-starter\2.4.4\spring-boot-starter-2.4.4.jar;D:\Program Files\apache-maven-3.6.0-bin\repository\org\springframework\boot\spring-boot\2.4.4\spring-boot-2.4.4.jar;D:\Program Files\apache-maven-3.6.0-bin\repository\org\springframework\boot\spring-boot-starter-logging\2.4.4\spring-boot-starter-logging-2.4.4.jar;D:\Program Files\apache-maven-3.6.0-bin\repository\org\apache\logging\log4j\log4j-to-slf4j\2.13.3\log4j-to-slf4j-2.13.3.jar;D:\Program Files\apache-maven-3.6.0-bin\repository\org\apache\logging\log4j\log4j-api\2.13.3\log4j-api-2.13.3.jar;D:\Program Files\apache-maven-3.6.0-bin\repository\org\slf4j\jul-to-slf4j\1.7.30\jul-to-slf4j-1.7.30.jar;D:\Program Files\apache-maven-3.6.0-bin\repository\jakarta\annotation\jakarta.annotation-api\1.3.5\jakarta.annotation-api-1.3.5.jar;D:\Program Files\apache-maven-3.6.0-bin\repository\org\yaml\snakeyaml\1.27\snakeyaml-1.27.jar;D:\Program Files\apache-maven-3.6.0-bin\repository\org\springframework\boot\spring-boot-starter-json\2.4.4\spring-boot-starter-json-2.4.4.jar;D:\Program Files\apache-maven-3.6.0-bin\repository\com\fasterxml\jackson\core\jackson-databind\2.11.4\jackson-databind-2.11.4.jar;D:\Program Files\apache-maven-3.6.0-bin\repository\com\fasterxml\jackson\core\jackson-annotations\2.11.4\jackson-annotations-2.11.4.jar;D:\Program Files\apache-maven-3.6.0-bin\repository\com\fasterxml\jackson\core\jackson-core\2.11.4\jackson-core-2.11.4.jar;D:\Program Files\apache-maven-3.6.0-bin\repository\com\fasterxml\jackson\datatype\jackson-datatype-jdk8\2.11.4\jackson-datatype-jdk8-2.11.4.jar;D:\Program Files\apache-maven-3.6.0-bin\repository\com\fasterxml\jackson\datatype\jackson-datatype-jsr310\2.11.4\jackson-datatype-jsr310-2.11.4.jar;D:\Program Files\apache-maven-3.6.0-bin\repository\com\fasterxml\jackson\module\jackson-module-parameter-names\2.11.4\jackson-module-parameter-names-2.11.4.jar;D:\Program Files\apache-maven-3.6.0-bin\repository\org\springframework\boot\spring-boot-starter-tomcat\2.4.4\spring-boot-starter-tomcat-2.4.4.jar;D:\Program Files\apache-maven-3.6.0-bin\repository\org\apache\tomcat\embed\tomcat-embed-core\9.0.44\tomcat-embed-core-9.0.44.jar;D:\Program Files\apache-maven-3.6.0-bin\repository\org\glassfish\jakarta.el\3.0.3\jakarta.el-3.0.3.jar;D:\Program Files\apache-maven-3.6.0-bin\repository\org\apache\tomcat\embed\tomcat-embed-websocket\9.0.44\tomcat-embed-websocket-9.0.44.jar;D:\Program Files\apache-maven-3.6.0-bin\repository\org\springframework\spring-web\5.3.5\spring-web-5.3.5.jar;D:\Program Files\apache-maven-3.6.0-bin\repository\org\springframework\spring-beans\5.3.5\spring-beans-5.3.5.jar;D:\Program Files\apache-maven-3.6.0-bin\repository\org\springframework\spring-webmvc\5.3.5\spring-webmvc-5.3.5.jar;D:\Program Files\apache-maven-3.6.0-bin\repository\org\springframework\spring-aop\5.3.5\spring-aop-5.3.5.jar;D:\Program Files\apache-maven-3.6.0-bin\repository\org\springframework\spring-context\5.3.5\spring-context-5.3.5.jar;D:\Program Files\apache-maven-3.6.0-bin\repository\org\springframework\spring-expression\5.3.5\spring-expression-5.3.5.jar;D:\Program Files\apache-maven-3.6.0-bin\repository\org\springframework\boot\spring-boot-starter-test\2.4.4\spring-boot-starter-test-2.4.4.jar;D:\Program Files\apache-maven-3.6.0-bin\repository\org\springframework\boot\spring-boot-test\2.4.4\spring-boot-test-2.4.4.jar;D:\Program Files\apache-maven-3.6.0-bin\repository\org\springframework\boot\spring-boot-test-autoconfigure\2.4.4\spring-boot-test-autoconfigure-2.4.4.jar;D:\Program Files\apache-maven-3.6.0-bin\repository\com\jayway\jsonpath\json-path\2.4.0\json-path-2.4.0.jar;D:\Program Files\apache-maven-3.6.0-bin\repository\net\minidev\json-smart\2.3\json-smart-2.3.jar;D:\Program Files\apache-maven-3.6.0-bin\repository\net\minidev\accessors-smart\1.2\accessors-smart-1.2.jar;D:\Program Files\apache-maven-3.6.0-bin\repository\org\ow2\asm\asm\5.0.4\asm-5.0.4.jar;D:\Program Files\apache-maven-3.6.0-bin\repository\org\slf4j\slf4j-api\1.7.30\slf4j-api-1.7.30.jar;D:\Program Files\apache-maven-3.6.0-bin\repository\jakarta\xml\bind\jakarta.xml.bind-api\2.3.3\jakarta.xml.bind-api-2.3.3.jar;D:\Program Files\apache-maven-3.6.0-bin\repository\jakarta\activation\jakarta.activation-api\1.2.2\jakarta.activation-api-1.2.2.jar;D:\Program Files\apache-maven-3.6.0-bin\repository\org\assertj\assertj-core\3.18.1\assertj-core-3.18.1.jar;D:\Program Files\apache-maven-3.6.0-bin\repository\org\hamcrest\hamcrest\2.2\hamcrest-2.2.jar;D:\Program Files\apache-maven-3.6.0-bin\repository\org\junit\jupiter\junit-jupiter\5.7.1\junit-jupiter-5.7.1.jar;D:\Program Files\apache-maven-3.6.0-bin\repository\org\junit\jupiter\junit-jupiter-api\5.7.1\junit-jupiter-api-5.7.1.jar;D:\Program Files\apache-maven-3.6.0-bin\repository\org\apiguardian\apiguardian-api\1.1.0\apiguardian-api-1.1.0.jar;D:\Program Files\apache-maven-3.6.0-bin\repository\org\opentest4j\opentest4j\1.2.0\opentest4j-1.2.0.jar;D:\Program Files\apache-maven-3.6.0-bin\repository\org\junit\platform\junit-platform-commons\1.7.1\junit-platform-commons-1.7.1.jar;D:\Program Files\apache-maven-3.6.0-bin\repository\org\junit\jupiter\junit-jupiter-params\5.7.1\junit-jupiter-params-5.7.1.jar;D:\Program Files\apache-maven-3.6.0-bin\repository\org\junit\jupiter\junit-jupiter-engine\5.7.1\junit-jupiter-engine-5.7.1.jar;D:\Program Files\apache-maven-3.6.0-bin\repository\org\junit\platform\junit-platform-engine\1.7.1\junit-platform-engine-1.7.1.jar;D:\Program Files\apache-maven-3.6.0-bin\repository\org\mockito\mockito-core\3.6.28\mockito-core-3.6.28.jar;D:\Program Files\apache-maven-3.6.0-bin\repository\net\bytebuddy\byte-buddy\1.10.22\byte-buddy-1.10.22.jar;D:\Program Files\apache-maven-3.6.0-bin\repository\net\bytebuddy\byte-buddy-agent\1.10.22\byte-buddy-agent-1.10.22.jar;D:\Program Files\apache-maven-3.6.0-bin\repository\org\objenesis\objenesis\3.1\objenesis-3.1.jar;D:\Program Files\apache-maven-3.6.0-bin\repository\org\mockito\mockito-junit-jupiter\3.6.28\mockito-junit-jupiter-3.6.28.jar;D:\Program Files\apache-maven-3.6.0-bin\repository\org\skyscreamer\jsonassert\1.5.0\jsonassert-1.5.0.jar;D:\Program Files\apache-maven-3.6.0-bin\repository\com\vaadin\external\google\android-json\0.0.20131108.vaadin1\android-json-0.0.20131108.vaadin1.jar;D:\Program Files\apache-maven-3.6.0-bin\repository\org\springframework\spring-core\5.3.5\spring-core-5.3.5.jar;D:\Program Files\apache-maven-3.6.0-bin\repository\org\springframework\spring-jcl\5.3.5\spring-jcl-5.3.5.jar;D:\Program Files\apache-maven-3.6.0-bin\repository\org\springframework\spring-test\5.3.5\spring-test-5.3.5.jar;D:\Program Files\apache-maven-3.6.0-bin\repository\org\xmlunit\xmlunit-core\2.7.0\xmlunit-core-2.7.0.jar;D:\Program Files\apache-maven-3.6.0-bin\repository\org\apache\dubbo\dubbo-spring-boot-starter\2.7.9\dubbo-spring-boot-starter-2.7.9.jar;D:\Program Files\apache-maven-3.6.0-bin\repository\org\apache\dubbo\dubbo-spring-boot-autoconfigure\2.7.9\dubbo-spring-boot-autoconfigure-2.7.9.jar;D:\Program Files\apache-maven-3.6.0-bin\repository\org\apache\dubbo\dubbo-spring-boot-autoconfigure-compatible\2.7.9\dubbo-spring-boot-autoconfigure-compatible-2.7.9.jar;D:\Program Files\apache-maven-3.6.0-bin\repository\org\apache\dubbo\dubbo\2.7.9\dubbo-2.7.9.jar;D:\Program Files\apache-maven-3.6.0-bin\repository\com\alibaba\spring\spring-context-support\1.0.10\spring-context-support-1.0.10.jar;D:\Program Files\apache-maven-3.6.0-bin\repository\org\javassist\javassist\3.20.0-GA\javassist-3.20.0-GA.jar;D:\Program Files\apache-maven-3.6.0-bin\repository\io\netty\netty-all\4.1.60.Final\netty-all-4.1.60.Final.jar;D:\Program Files\apache-maven-3.6.0-bin\repository\com\google\code\gson\gson\2.8.6\gson-2.8.6.jar;D:\Program Files\apache-maven-3.6.0-bin\repository\com\github\mxsm\zkclient-spring-boot-starter\1.0.1\zkclient-spring-boot-starter-1.0.1.jar;D:\Program Files\apache-maven-3.6.0-bin\repository\org\springframework\boot\spring-boot-autoconfigure\2.4.4\spring-boot-autoconfigure-2.4.4.jar;D:\Program Files\apache-maven-3.6.0-bin\repository\org\springframework\boot\spring-boot-configuration-processor\2.4.4\spring-boot-configuration-processor-2.4.4.jar;D:\Program Files\apache-maven-3.6.0-bin\repository\com\github\mxsm\zkClient\1.0.1\zkClient-1.0.1.jar;D:\Program Files\apache-maven-3.6.0-bin\repository\org\apache\zookeeper\zookeeper\3.4.13\zookeeper-3.4.13.jar;D:\Program Files\apache-maven-3.6.0-bin\repository\ch\qos\logback\logback-classic\1.2.3\logback-classic-1.2.3.jar;D:\Program Files\apache-maven-3.6.0-bin\repository\ch\qos\logback\logback-core\1.2.3\logback-core-1.2.3.jar;D:\Program Files\apache-maven-3.6.0-bin\repository\ch\qos\logback\logback-access\1.2.3\logback-access-1.2.3.jar;D:\Program Files\apache-maven-3.6.0-bin\repository\org\apache\commons\commons-lang3\3.11\commons-lang3-3.11.jar;D:\Program Files\apache-maven-3.6.0-bin\repository\com\alibaba\fastjson\1.2.49\fastjson-1.2.49.jar;D:\Program Files\apache-maven-3.6.0-bin\repository\com\google\protobuf\protobuf-java\3.6.1\protobuf-java-3.6.1.jar;D:\Program Files\apache-maven-3.6.0-bin\repository\com\google\protobuf\protobuf-java-util\3.6.1\protobuf-java-util-3.6.1.jar;D:\Program Files\apache-maven-3.6.0-bin\repository\com\google\guava\guava\19.0\guava-19.0.jar;"/>
    <property name="java.vm.vendor" value="Oracle Corporation"/>
    <property name="sun.arch.data.model" value="64"/>
    <property name="user.variant" value=""/>
    <property name="java.vendor.url" value="http://java.oracle.com/"/>
    <property name="user.timezone" value="Asia/Shanghai"/>
    <property name="java.vm.specification.version" value="1.8"/>
    <property name="os.name" value="Windows 10"/>
    <property name="user.country" value="CN"/>
    <property name="sun.java.launcher" value="SUN_STANDARD"/>
    <property name="sun.boot.library.path" value="D:\Program Files\Java\jdk1.8.0_201\jre\bin"/>
    <property name="sun.java.command" value="C:\Users\liao\AppData\Local\Temp\surefire1121968658263462316\surefirebooter5565370054631753343.jar C:\Users\liao\AppData\Local\Temp\surefire1121968658263462316 2021-03-22T13-33-14_474-jvmRun1 surefire3602606879733032021tmp surefire_03263366453212561163tmp"/>
    <property name="surefire.test.class.path" value="D:\git_project\dubbo-zookeeper\provider-server\target\test-classes;D:\git_project\dubbo-zookeeper\provider-server\target\classes;D:\Program Files\apache-maven-3.6.0-bin\repository\org\springframework\boot\spring-boot-starter-web\2.4.4\spring-boot-starter-web-2.4.4.jar;D:\Program Files\apache-maven-3.6.0-bin\repository\org\springframework\boot\spring-boot-starter\2.4.4\spring-boot-starter-2.4.4.jar;D:\Program Files\apache-maven-3.6.0-bin\repository\org\springframework\boot\spring-boot\2.4.4\spring-boot-2.4.4.jar;D:\Program Files\apache-maven-3.6.0-bin\repository\org\springframework\boot\spring-boot-starter-logging\2.4.4\spring-boot-starter-logging-2.4.4.jar;D:\Program Files\apache-maven-3.6.0-bin\repository\org\apache\logging\log4j\log4j-to-slf4j\2.13.3\log4j-to-slf4j-2.13.3.jar;D:\Program Files\apache-maven-3.6.0-bin\repository\org\apache\logging\log4j\log4j-api\2.13.3\log4j-api-2.13.3.jar;D:\Program Files\apache-maven-3.6.0-bin\repository\org\slf4j\jul-to-slf4j\1.7.30\jul-to-slf4j-1.7.30.jar;D:\Program Files\apache-maven-3.6.0-bin\repository\jakarta\annotation\jakarta.annotation-api\1.3.5\jakarta.annotation-api-1.3.5.jar;D:\Program Files\apache-maven-3.6.0-bin\repository\org\yaml\snakeyaml\1.27\snakeyaml-1.27.jar;D:\Program Files\apache-maven-3.6.0-bin\repository\org\springframework\boot\spring-boot-starter-json\2.4.4\spring-boot-starter-json-2.4.4.jar;D:\Program Files\apache-maven-3.6.0-bin\repository\com\fasterxml\jackson\core\jackson-databind\2.11.4\jackson-databind-2.11.4.jar;D:\Program Files\apache-maven-3.6.0-bin\repository\com\fasterxml\jackson\core\jackson-annotations\2.11.4\jackson-annotations-2.11.4.jar;D:\Program Files\apache-maven-3.6.0-bin\repository\com\fasterxml\jackson\core\jackson-core\2.11.4\jackson-core-2.11.4.jar;D:\Program Files\apache-maven-3.6.0-bin\repository\com\fasterxml\jackson\datatype\jackson-datatype-jdk8\2.11.4\jackson-datatype-jdk8-2.11.4.jar;D:\Program Files\apache-maven-3.6.0-bin\repository\com\fasterxml\jackson\datatype\jackson-datatype-jsr310\2.11.4\jackson-datatype-jsr310-2.11.4.jar;D:\Program Files\apache-maven-3.6.0-bin\repository\com\fasterxml\jackson\module\jackson-module-parameter-names\2.11.4\jackson-module-parameter-names-2.11.4.jar;D:\Program Files\apache-maven-3.6.0-bin\repository\org\springframework\boot\spring-boot-starter-tomcat\2.4.4\spring-boot-starter-tomcat-2.4.4.jar;D:\Program Files\apache-maven-3.6.0-bin\repository\org\apache\tomcat\embed\tomcat-embed-core\9.0.44\tomcat-embed-core-9.0.44.jar;D:\Program Files\apache-maven-3.6.0-bin\repository\org\glassfish\jakarta.el\3.0.3\jakarta.el-3.0.3.jar;D:\Program Files\apache-maven-3.6.0-bin\repository\org\apache\tomcat\embed\tomcat-embed-websocket\9.0.44\tomcat-embed-websocket-9.0.44.jar;D:\Program Files\apache-maven-3.6.0-bin\repository\org\springframework\spring-web\5.3.5\spring-web-5.3.5.jar;D:\Program Files\apache-maven-3.6.0-bin\repository\org\springframework\spring-beans\5.3.5\spring-beans-5.3.5.jar;D:\Program Files\apache-maven-3.6.0-bin\repository\org\springframework\spring-webmvc\5.3.5\spring-webmvc-5.3.5.jar;D:\Program Files\apache-maven-3.6.0-bin\repository\org\springframework\spring-aop\5.3.5\spring-aop-5.3.5.jar;D:\Program Files\apache-maven-3.6.0-bin\repository\org\springframework\spring-context\5.3.5\spring-context-5.3.5.jar;D:\Program Files\apache-maven-3.6.0-bin\repository\org\springframework\spring-expression\5.3.5\spring-expression-5.3.5.jar;D:\Program Files\apache-maven-3.6.0-bin\repository\org\springframework\boot\spring-boot-starter-test\2.4.4\spring-boot-starter-test-2.4.4.jar;D:\Program Files\apache-maven-3.6.0-bin\repository\org\springframework\boot\spring-boot-test\2.4.4\spring-boot-test-2.4.4.jar;D:\Program Files\apache-maven-3.6.0-bin\repository\org\springframework\boot\spring-boot-test-autoconfigure\2.4.4\spring-boot-test-autoconfigure-2.4.4.jar;D:\Program Files\apache-maven-3.6.0-bin\repository\com\jayway\jsonpath\json-path\2.4.0\json-path-2.4.0.jar;D:\Program Files\apache-maven-3.6.0-bin\repository\net\minidev\json-smart\2.3\json-smart-2.3.jar;D:\Program Files\apache-maven-3.6.0-bin\repository\net\minidev\accessors-smart\1.2\accessors-smart-1.2.jar;D:\Program Files\apache-maven-3.6.0-bin\repository\org\ow2\asm\asm\5.0.4\asm-5.0.4.jar;D:\Program Files\apache-maven-3.6.0-bin\repository\org\slf4j\slf4j-api\1.7.30\slf4j-api-1.7.30.jar;D:\Program Files\apache-maven-3.6.0-bin\repository\jakarta\xml\bind\jakarta.xml.bind-api\2.3.3\jakarta.xml.bind-api-2.3.3.jar;D:\Program Files\apache-maven-3.6.0-bin\repository\jakarta\activation\jakarta.activation-api\1.2.2\jakarta.activation-api-1.2.2.jar;D:\Program Files\apache-maven-3.6.0-bin\repository\org\assertj\assertj-core\3.18.1\assertj-core-3.18.1.jar;D:\Program Files\apache-maven-3.6.0-bin\repository\org\hamcrest\hamcrest\2.2\hamcrest-2.2.jar;D:\Program Files\apache-maven-3.6.0-bin\repository\org\junit\jupiter\junit-jupiter\5.7.1\junit-jupiter-5.7.1.jar;D:\Program Files\apache-maven-3.6.0-bin\repository\org\junit\jupiter\junit-jupiter-api\5.7.1\junit-jupiter-api-5.7.1.jar;D:\Program Files\apache-maven-3.6.0-bin\repository\org\apiguardian\apiguardian-api\1.1.0\apiguardian-api-1.1.0.jar;D:\Program Files\apache-maven-3.6.0-bin\repository\org\opentest4j\opentest4j\1.2.0\opentest4j-1.2.0.jar;D:\Program Files\apache-maven-3.6.0-bin\repository\org\junit\platform\junit-platform-commons\1.7.1\junit-platform-commons-1.7.1.jar;D:\Program Files\apache-maven-3.6.0-bin\repository\org\junit\jupiter\junit-jupiter-params\5.7.1\junit-jupiter-params-5.7.1.jar;D:\Program Files\apache-maven-3.6.0-bin\repository\org\junit\jupiter\junit-jupiter-engine\5.7.1\junit-jupiter-engine-5.7.1.jar;D:\Program Files\apache-maven-3.6.0-bin\repository\org\junit\platform\junit-platform-engine\1.7.1\junit-platform-engine-1.7.1.jar;D:\Program Files\apache-maven-3.6.0-bin\repository\org\mockito\mockito-core\3.6.28\mockito-core-3.6.28.jar;D:\Program Files\apache-maven-3.6.0-bin\repository\net\bytebuddy\byte-buddy\1.10.22\byte-buddy-1.10.22.jar;D:\Program Files\apache-maven-3.6.0-bin\repository\net\bytebuddy\byte-buddy-agent\1.10.22\byte-buddy-agent-1.10.22.jar;D:\Program Files\apache-maven-3.6.0-bin\repository\org\objenesis\objenesis\3.1\objenesis-3.1.jar;D:\Program Files\apache-maven-3.6.0-bin\repository\org\mockito\mockito-junit-jupiter\3.6.28\mockito-junit-jupiter-3.6.28.jar;D:\Program Files\apache-maven-3.6.0-bin\repository\org\skyscreamer\jsonassert\1.5.0\jsonassert-1.5.0.jar;D:\Program Files\apache-maven-3.6.0-bin\repository\com\vaadin\external\google\android-json\0.0.20131108.vaadin1\android-json-0.0.20131108.vaadin1.jar;D:\Program Files\apache-maven-3.6.0-bin\repository\org\springframework\spring-core\5.3.5\spring-core-5.3.5.jar;D:\Program Files\apache-maven-3.6.0-bin\repository\org\springframework\spring-jcl\5.3.5\spring-jcl-5.3.5.jar;D:\Program Files\apache-maven-3.6.0-bin\repository\org\springframework\spring-test\5.3.5\spring-test-5.3.5.jar;D:\Program Files\apache-maven-3.6.0-bin\repository\org\xmlunit\xmlunit-core\2.7.0\xmlunit-core-2.7.0.jar;D:\Program Files\apache-maven-3.6.0-bin\repository\org\apache\dubbo\dubbo-spring-boot-starter\2.7.9\dubbo-spring-boot-starter-2.7.9.jar;D:\Program Files\apache-maven-3.6.0-bin\repository\org\apache\dubbo\dubbo-spring-boot-autoconfigure\2.7.9\dubbo-spring-boot-autoconfigure-2.7.9.jar;D:\Program Files\apache-maven-3.6.0-bin\repository\org\apache\dubbo\dubbo-spring-boot-autoconfigure-compatible\2.7.9\dubbo-spring-boot-autoconfigure-compatible-2.7.9.jar;D:\Program Files\apache-maven-3.6.0-bin\repository\org\apache\dubbo\dubbo\2.7.9\dubbo-2.7.9.jar;D:\Program Files\apache-maven-3.6.0-bin\repository\com\alibaba\spring\spring-context-support\1.0.10\spring-context-support-1.0.10.jar;D:\Program Files\apache-maven-3.6.0-bin\repository\org\javassist\javassist\3.20.0-GA\javassist-3.20.0-GA.jar;D:\Program Files\apache-maven-3.6.0-bin\repository\io\netty\netty-all\4.1.60.Final\netty-all-4.1.60.Final.jar;D:\Program Files\apache-maven-3.6.0-bin\repository\com\google\code\gson\gson\2.8.6\gson-2.8.6.jar;D:\Program Files\apache-maven-3.6.0-bin\repository\com\github\mxsm\zkclient-spring-boot-starter\1.0.1\zkclient-spring-boot-starter-1.0.1.jar;D:\Program Files\apache-maven-3.6.0-bin\repository\org\springframework\boot\spring-boot-autoconfigure\2.4.4\spring-boot-autoconfigure-2.4.4.jar;D:\Program Files\apache-maven-3.6.0-bin\repository\org\springframework\boot\spring-boot-configuration-processor\2.4.4\spring-boot-configuration-processor-2.4.4.jar;D:\Program Files\apache-maven-3.6.0-bin\repository\com\github\mxsm\zkClient\1.0.1\zkClient-1.0.1.jar;D:\Program Files\apache-maven-3.6.0-bin\repository\org\apache\zookeeper\zookeeper\3.4.13\zookeeper-3.4.13.jar;D:\Program Files\apache-maven-3.6.0-bin\repository\ch\qos\logback\logback-classic\1.2.3\logback-classic-1.2.3.jar;D:\Program Files\apache-maven-3.6.0-bin\repository\ch\qos\logback\logback-core\1.2.3\logback-core-1.2.3.jar;D:\Program Files\apache-maven-3.6.0-bin\repository\ch\qos\logback\logback-access\1.2.3\logback-access-1.2.3.jar;D:\Program Files\apache-maven-3.6.0-bin\repository\org\apache\commons\commons-lang3\3.11\commons-lang3-3.11.jar;D:\Program Files\apache-maven-3.6.0-bin\repository\com\alibaba\fastjson\1.2.49\fastjson-1.2.49.jar;D:\Program Files\apache-maven-3.6.0-bin\repository\com\google\protobuf\protobuf-java\3.6.1\protobuf-java-3.6.1.jar;D:\Program Files\apache-maven-3.6.0-bin\repository\com\google\protobuf\protobuf-java-util\3.6.1\protobuf-java-util-3.6.1.jar;D:\Program Files\apache-maven-3.6.0-bin\repository\com\google\guava\guava\19.0\guava-19.0.jar;"/>
    <property name="sun.cpu.endian" value="little"/>
    <property name="user.home" value="C:\Users\liao"/>
    <property name="user.language" value="zh"/>
    <property name="java.specification.vendor" value="Oracle Corporation"/>
    <property name="java.home" value="D:\Program Files\Java\jdk1.8.0_201\jre"/>
    <property name="basedir" value="D:\git_project\dubbo-zookeeper\provider-server"/>
    <property name="file.separator" value="\"/>
    <property name="line.separator" value="&#10;"/>
    <property name="java.vm.specification.vendor" value="Oracle Corporation"/>
    <property name="java.specification.name" value="Java Platform API Specification"/>
    <property name="java.awt.graphicsenv" value="sun.awt.Win32GraphicsEnvironment"/>
    <property name="surefire.real.class.path" value="C:\Users\liao\AppData\Local\Temp\surefire1121968658263462316\surefirebooter5565370054631753343.jar"/>
    <property name="sun.boot.class.path" value="D:\Program Files\Java\jdk1.8.0_201\jre\lib\resources.jar;D:\Program Files\Java\jdk1.8.0_201\jre\lib\rt.jar;D:\Program Files\Java\jdk1.8.0_201\jre\lib\sunrsasign.jar;D:\Program Files\Java\jdk1.8.0_201\jre\lib\jsse.jar;D:\Program Files\Java\jdk1.8.0_201\jre\lib\jce.jar;D:\Program Files\Java\jdk1.8.0_201\jre\lib\charsets.jar;D:\Program Files\Java\jdk1.8.0_201\jre\lib\jfr.jar;D:\Program Files\Java\jdk1.8.0_201\jre\classes"/>
    <property name="user.script" value=""/>
    <property name="sun.management.compiler" value="HotSpot 64-Bit Tiered Compilers"/>
    <property name="java.runtime.version" value="1.8.0_201-b09"/>
    <property name="user.name" value="liao"/>
    <property name="path.separator" value=";"/>
    <property name="os.version" value="10.0"/>
    <property name="java.endorsed.dirs" value="D:\Program Files\Java\jdk1.8.0_201\jre\lib\endorsed"/>
    <property name="java.runtime.name" value="Java(TM) SE Runtime Environment"/>
    <property name="file.encoding" value="GBK"/>
    <property name="java.vm.name" value="Java HotSpot(TM) 64-Bit Server VM"/>
    <property name="localRepository" value="D:\Program Files\apache-maven-3.6.0-bin\repository"/>
    <property name="java.vendor.url.bug" value="http://bugreport.sun.com/bugreport/"/>
    <property name="java.io.tmpdir" value="C:\Users\liao\AppData\Local\Temp\"/>
    <property name="java.version" value="1.8.0_201"/>
    <property name="user.dir" value="D:\git_project\dubbo-zookeeper\provider-server"/>
    <property name="os.arch" value="amd64"/>
    <property name="java.vm.specification.name" value="Java Virtual Machine Specification"/>
    <property name="java.awt.printerjob" value="sun.awt.windows.WPrinterJob"/>
    <property name="sun.os.patch.level" value=""/>
    <property name="idea.version2019.1" value="true"/>
    <property name="java.library.path" value="D:\Program Files\Java\jdk1.8.0_201\jre\bin;C:\WINDOWS\Sun\Java\bin;C:\WINDOWS\system32;C:\WINDOWS;D:\app\liaokailin\product\12.2.0\dbhome_1\bin;D:\app\myoracle\product\12.2.0\dbhome_1\bin;D:\app\root\product\12.2.0\dbhome_2\bin;D:\app\root\product\12.2.0\dbhome_1\bin;D:\app\liao\product\11.1.0\db_1\bin;C:\Program Files (x86)\Common Files\Oracle\Java\javapath;C:\Program Files (x86)\Intel\Intel(R) Management Engine Components\iCLS\;C:\Program Files\Intel\Intel(R) Management Engine Components\iCLS\;C:\Windows\system32;C:\Windows;C:\Windows\System32\Wbem;C:\Windows\System32\WindowsPowerShell\v1.0\;C:\Windows\System32\OpenSSH\;C:\Program Files (x86)\Intel\Intel(R) Management Engine Components\DAL;C:\Program Files\Intel\Intel(R) Management Engine Components\DAL;C:\Program Files\Intel\WiFi\bin\;C:\Program Files\Common Files\Intel\WirelessCommon\;C:\Program Files (x86)\NVIDIA Corporation\PhysX\Common;D:\Program Files\Java\jdk1.8.0_201\bin;C:\Program Files\MySQL\MySQL Server 5.7\bin;D:\Program Files\apache-maven-3.6.0-bin\apache-maven-3.6.0\bin;D:\Program Files\apache-tomcat-8.5.39-windows-x64\apache-tomcat-8.5.39\bin;D:\Program Files\apache-tomcat-8.5.39-windows-x64\apache-tomcat-8.5.39\lib;D:\Program Files\gradle-5.5.1-all\gradle-5.5.1\bin;C:\WINDOWS\system32;C:\WINDOWS;C:\WINDOWS\System32\Wbem;C:\WINDOWS\System32\WindowsPowerShell\v1.0\;C:\WINDOWS\System32\OpenSSH\;D:\Program Files\TortoiseSVN\bin;D:\Program Files\Java\jdk1.8.0_201\jre\bin;D:\Program Files\nodejs\;%JMETER_HOME\bin%;%ATLAS_HOME\bin%;D:\Program Files\Git\cmd;D:\Program Files\zookeeper\apache-zookeeper-3.6.2-bin\bin;C:\Users\liao\AppData\Local\Microsoft\WindowsApps;;D:\Applications\Atlassian\atlassian-plugin-sdk-6.3.12\bin;D:\Program Files\JetBrains\PyCharm 2020.1.1\bin;;D:\Program Files\JetBrains\PyCharm Community Edition 2020.1.1\bin;;D:\Program Files\JetBrains\IntelliJ IDEA Community Edition 2020.1.2\bin;;C:\Users\liao\AppData\Roaming\npm;."/>
    <property name="java.vm.info" value="mixed mode"/>
    <property name="java.vendor" value="Oracle Corporation"/>
    <property name="java.vm.version" value="25.201-b09"/>
    <property name="java.ext.dirs" value="D:\Program Files\Java\jdk1.8.0_201\jre\lib\ext;C:\WINDOWS\Sun\Java\lib\ext"/>
    <property name="sun.io.unicode.encoding" value="UnicodeLittle"/>
    <property name="maven.repo.local" value="D:\Program Files\apache-maven-3.6.0-bin\repository"/>
    <property name="java.class.version" value="52.0"/>
  </properties>
  <testcase name="contextLoads" classname="com.liao.ProviderServerApplicationTests" time="0.001">
    <error message="Failed to load ApplicationContext" type="java.lang.IllegalStateException">java.lang.IllegalStateException: Failed to load ApplicationContext
Caused by: org.springframework.beans.factory.BeanCreationException: Error creating bean with name 'zookeeperClient' defined in class path resource [github/ant/mxsm/zkclient/spring/boot/autoconfigure/ZookeeperClientAutoConfigure.class]: Bean instantiation via factory method failed; nested exception is org.springframework.beans.BeanInstantiationException: Failed to instantiate [github.mxsm.zkclient.ZookeeperClient]: Factory method 'zookeeperClient' threw exception; nested exception is java.lang.IllegalArgumentException:  spring.mxsm.zkclient.servers is blank
Caused by: org.springframework.beans.BeanInstantiationException: Failed to instantiate [github.mxsm.zkclient.ZookeeperClient]: Factory method 'zookeeperClient' threw exception; nested exception is java.lang.IllegalArgumentException:  spring.mxsm.zkclient.servers is blank
Caused by: java.lang.IllegalArgumentException:  spring.mxsm.zkclient.servers is blank
</error>
    <system-out><![CDATA[2021-03-22 13:33:15.562  INFO [main] [org.springframework.boot.test.context.SpringBootTestContextBootstrapper] - Neither @ContextConfiguration nor @ContextHierarchy found for test class [com.liao.ProviderServerApplicationTests], using SpringBootContextLoader
2021-03-22 13:33:15.569  INFO [main] [org.springframework.test.context.support.AbstractContextLoader] - Could not detect default resource locations for test class [com.liao.ProviderServerApplicationTests]: no resource found for suffixes {-context.xml, Context.groovy}.
2021-03-22 13:33:15.570  INFO [main] [org.springframework.test.context.support.AnnotationConfigContextLoaderUtils] - Could not detect default configuration classes for test class [com.liao.ProviderServerApplicationTests]: ProviderServerApplicationTests does not declare any static, non-private, non-final, nested classes annotated with @Configuration.
2021-03-22 13:33:15.671  INFO [main] [org.springframework.boot.test.context.SpringBootTestContextBootstrapper] - Found @SpringBootConfiguration com.liao.ProviderServerApplication for test class com.liao.ProviderServerApplicationTests
2021-03-22 13:33:15.762  INFO [main] [org.springframework.boot.test.context.SpringBootTestContextBootstrapper] - Loaded default TestExecutionListener class names from location [META-INF/spring.factories]: [org.springframework.boot.test.mock.mockito.MockitoTestExecutionListener, org.springframework.boot.test.mock.mockito.ResetMocksTestExecutionListener, org.springframework.boot.test.autoconfigure.restdocs.RestDocsTestExecutionListener, org.springframework.boot.test.autoconfigure.web.client.MockRestServiceServerResetTestExecutionListener, org.springframework.boot.test.autoconfigure.web.servlet.MockMvcPrintOnlyOnFailureTestExecutionListener, org.springframework.boot.test.autoconfigure.web.servlet.WebDriverTestExecutionListener, org.springframework.boot.test.autoconfigure.webservices.client.MockWebServiceServerTestExecutionListener, org.springframework.test.context.web.ServletTestExecutionListener, org.springframework.test.context.support.DirtiesContextBeforeModesTestExecutionListener, org.springframework.test.context.event.ApplicationEventsTestExecutionListener, org.springframework.test.context.support.DependencyInjectionTestExecutionListener, org.springframework.test.context.support.DirtiesContextTestExecutionListener, org.springframework.test.context.transaction.TransactionalTestExecutionListener, org.springframework.test.context.jdbc.SqlScriptsTestExecutionListener, org.springframework.test.context.event.EventPublishingTestExecutionListener]
2021-03-22 13:33:15.772  INFO [main] [org.springframework.boot.test.context.SpringBootTestContextBootstrapper] - Using TestExecutionListeners: [org.springframework.test.context.web.ServletTestExecutionListener@5a7fe64f, org.springframework.test.context.support.DirtiesContextBeforeModesTestExecutionListener@38145825, org.springframework.test.context.event.ApplicationEventsTestExecutionListener@41330d4f, org.springframework.boot.test.mock.mockito.MockitoTestExecutionListener@1b66c0fb, org.springframework.boot.test.autoconfigure.SpringBootDependencyInjectionTestExecutionListener@3e0e1046, org.springframework.test.context.support.DirtiesContextTestExecutionListener@24c1b2d2, org.springframework.test.context.event.EventPublishingTestExecutionListener@7dc19a70, org.springframework.boot.test.mock.mockito.ResetMocksTestExecutionListener@508dec2b, org.springframework.boot.test.autoconfigure.restdocs.RestDocsTestExecutionListener@1e4f4a5c, org.springframework.boot.test.autoconfigure.web.client.MockRestServiceServerResetTestExecutionListener@37313c65, org.springframework.boot.test.autoconfigure.web.servlet.MockMvcPrintOnlyOnFailureTestExecutionListener@465232e9, org.springframework.boot.test.autoconfigure.web.servlet.WebDriverTestExecutionListener@798162bc, org.springframework.boot.test.autoconfigure.webservices.client.MockWebServiceServerTestExecutionListener@1df8da7a]
2021-03-22 13:33:15.966  INFO [main] [org.apache.dubbo.common.logger.LoggerFactory] - using logger: org.apache.dubbo.common.logger.slf4j.Slf4jLoggerAdapter
2021-03-22 13:33:15.970  INFO [main] [org.apache.dubbo.spring.boot.context.event.WelcomeLogoApplicationListener] - 

 :: Dubbo Spring Boot (v2.7.9) : https://github.com/apache/dubbo-spring-boot-project
 :: Dubbo (v2.7.9) : https://github.com/apache/dubbo
 :: Discuss group : dev@dubbo.apache.org

2021-03-22 13:33:15.974  INFO [main] [org.apache.dubbo.spring.boot.context.event.OverrideDubboConfigApplicationListener] - Dubbo Config was overridden by externalized configuration {dubbo.application.qos-enable=false, dubbo.config.multiple=true}

  .   ____          _            __ _ _
 /\\ / ___'_ __ _ _(_)_ __  __ _ \ \ \ \
( ( )\___ | '_ | '_| | '_ \/ _` | \ \ \ \
 \\/  ___)| |_)| | | | | || (_| |  ) ) ) )
  '  |____| .__|_| |_|_| |_\__, | / / / /
 =========|_|==============|___/=/_/_/_/
 :: Spring Boot ::                (v2.4.4)

2021-03-22 13:33:16.108  INFO [main] [com.liao.ProviderServerApplicationTests] - Starting ProviderServerApplicationTests using Java 1.8.0_201 on LAPTOP-5968G3I6 with PID 50496 (started by liao in D:\git_project\dubbo-zookeeper\provider-server)
2021-03-22 13:33:16.110  INFO [main] [com.liao.ProviderServerApplicationTests] - No active profile set, falling back to default profiles: default
2021-03-22 13:33:16.588  INFO [main] [com.alibaba.spring.util.BeanRegistrar] - The Infrastructure bean definition [Root bean: class [org.apache.dubbo.config.spring.beans.factory.annotation.ReferenceAnnotationBeanPostProcessor]; scope=; abstract=false; lazyInit=null; autowireMode=0; dependencyCheck=0; autowireCandidate=true; primary=false; factoryBeanName=null; factoryMethodName=null; initMethodName=null; destroyMethodName=nullwith name [referenceAnnotationBeanPostProcessor] has been registered.
2021-03-22 13:33:16.589  INFO [main] [com.alibaba.spring.util.BeanRegistrar] - The Infrastructure bean definition [Root bean: class [org.apache.dubbo.config.spring.beans.factory.annotation.DubboConfigAliasPostProcessor]; scope=; abstract=false; lazyInit=null; autowireMode=0; dependencyCheck=0; autowireCandidate=true; primary=false; factoryBeanName=null; factoryMethodName=null; initMethodName=null; destroyMethodName=nullwith name [dubboConfigAliasPostProcessor] has been registered.
2021-03-22 13:33:16.589  INFO [main] [com.alibaba.spring.util.BeanRegistrar] - The Infrastructure bean definition [Root bean: class [org.apache.dubbo.config.spring.context.DubboApplicationListenerRegistrar]; scope=; abstract=false; lazyInit=null; autowireMode=0; dependencyCheck=0; autowireCandidate=true; primary=false; factoryBeanName=null; factoryMethodName=null; initMethodName=null; destroyMethodName=nullwith name [dubboApplicationListenerRegister] has been registered.
2021-03-22 13:33:16.590  INFO [main] [com.alibaba.spring.util.BeanRegistrar] - The Infrastructure bean definition [Root bean: class [org.apache.dubbo.config.spring.beans.factory.config.DubboConfigDefaultPropertyValueBeanPostProcessor]; scope=; abstract=false; lazyInit=null; autowireMode=0; dependencyCheck=0; autowireCandidate=true; primary=false; factoryBeanName=null; factoryMethodName=null; initMethodName=null; destroyMethodName=nullwith name [dubboConfigDefaultPropertyValueBeanPostProcessor] has been registered.
2021-03-22 13:33:16.591  INFO [main] [com.alibaba.spring.util.BeanRegistrar] - The Infrastructure bean definition [Root bean: class [org.apache.dubbo.config.spring.beans.factory.config.DubboConfigEarlyInitializationPostProcessor]; scope=; abstract=false; lazyInit=null; autowireMode=0; dependencyCheck=0; autowireCandidate=true; primary=false; factoryBeanName=null; factoryMethodName=null; initMethodName=null; destroyMethodName=nullwith name [dubboConfigEarlyInitializationPostProcessor] has been registered.
2021-03-22 13:33:16.655  INFO [main] [com.alibaba.spring.beans.factory.annotation.ConfigurationBeanBindingRegistrar] - The configuration bean definition [name : org.apache.dubbo.config.ApplicationConfig#0, content : Root bean: class [org.apache.dubbo.config.ApplicationConfig]; scope=; abstract=false; lazyInit=null; autowireMode=0; dependencyCheck=0; autowireCandidate=true; primary=false; factoryBeanName=null; factoryMethodName=null; initMethodName=null; destroyMethodName=null] has been registered.
2021-03-22 13:33:16.655  INFO [main] [com.alibaba.spring.util.BeanRegistrar] - The Infrastructure bean definition [Root bean: class [com.alibaba.spring.beans.factory.annotation.ConfigurationBeanBindingPostProcessor]; scope=; abstract=false; lazyInit=null; autowireMode=0; dependencyCheck=0; autowireCandidate=true; primary=false; factoryBeanName=null; factoryMethodName=null; initMethodName=null; destroyMethodName=nullwith name [configurationBeanBindingPostProcessor] has been registered.
2021-03-22 13:33:16.661  INFO [main] [org.apache.dubbo.config.spring.beans.factory.config.DubboConfigEarlyInitializationPostProcessor] - BeanFactory is about to be initialized, trying to resolve the Dubbo Config Beans early initialization
2021-03-22 13:33:16.715  INFO [main] [org.springframework.context.annotation.ConfigurationClassPostProcessor] - Cannot enhance @Configuration bean definition 'org.apache.dubbo.spring.boot.autoconfigure.DubboAutoConfiguration' since its singleton instance has been created too early. The typical cause is a non-static @Bean method with a BeanDefinitionRegistryPostProcessor return type: Consider declaring such methods as 'static'.
2021-03-22 13:33:16.837  INFO [main] [org.springframework.context.support.PostProcessorRegistrationDelegate$BeanPostProcessorChecker] - Bean 'providerServerApplication' of type [com.liao.ProviderServerApplication$$EnhancerBySpringCGLIB$$9a831178] is not eligible for getting processed by all BeanPostProcessors (for example: not eligible for auto-proxying)
2021-03-22 13:33:16.842  INFO [main] [org.springframework.context.support.PostProcessorRegistrationDelegate$BeanPostProcessorChecker] - Bean 'org.springframework.boot.autoconfigure.context.PropertyPlaceholderAutoConfiguration' of type [org.springframework.boot.autoconfigure.context.PropertyPlaceholderAutoConfiguration] is not eligible for getting processed by all BeanPostProcessors (for example: not eligible for auto-proxying)
2021-03-22 13:33:16.845  INFO [main] [org.springframework.context.support.PostProcessorRegistrationDelegate$BeanPostProcessorChecker] - Bean 'org.springframework.boot.autoconfigure.websocket.servlet.WebSocketServletAutoConfiguration$TomcatWebSocketConfiguration' of type [org.springframework.boot.autoconfigure.websocket.servlet.WebSocketServletAutoConfiguration$TomcatWebSocketConfiguration] is not eligible for getting processed by all BeanPostProcessors (for example: not eligible for auto-proxying)
2021-03-22 13:33:16.852  INFO [main] [org.springframework.context.support.PostProcessorRegistrationDelegate$BeanPostProcessorChecker] - Bean 'websocketServletWebServerCustomizer' of type [org.springframework.boot.autoconfigure.websocket.servlet.TomcatWebSocketServletWebServerCustomizer] is not eligible for getting processed by all BeanPostProcessors (for example: not eligible for auto-proxying)
2021-03-22 13:33:16.854  INFO [main] [org.springframework.context.support.PostProcessorRegistrationDelegate$BeanPostProcessorChecker] - Bean 'org.springframework.boot.autoconfigure.websocket.servlet.WebSocketServletAutoConfiguration' of type [org.springframework.boot.autoconfigure.websocket.servlet.WebSocketServletAutoConfiguration] is not eligible for getting processed by all BeanPostProcessors (for example: not eligible for auto-proxying)
2021-03-22 13:33:16.856  INFO [main] [org.springframework.context.support.PostProcessorRegistrationDelegate$BeanPostProcessorChecker] - Bean 'org.springframework.boot.autoconfigure.web.servlet.ServletWebServerFactoryConfiguration$EmbeddedTomcat' of type [org.springframework.boot.autoconfigure.web.servlet.ServletWebServerFactoryConfiguration$EmbeddedTomcat] is not eligible for getting processed by all BeanPostProcessors (for example: not eligible for auto-proxying)
2021-03-22 13:33:16.920  INFO [main] [org.springframework.context.support.PostProcessorRegistrationDelegate$BeanPostProcessorChecker] - Bean 'org.springframework.boot.autoconfigure.web.servlet.ServletWebServerFactoryAutoConfiguration' of type [org.springframework.boot.autoconfigure.web.servlet.ServletWebServerFactoryAutoConfiguration] is not eligible for getting processed by all BeanPostProcessors (for example: not eligible for auto-proxying)
2021-03-22 13:33:16.945  INFO [main] [org.springframework.context.support.PostProcessorRegistrationDelegate$BeanPostProcessorChecker] - Bean 'server-org.springframework.boot.autoconfigure.web.ServerProperties' of type [org.springframework.boot.autoconfigure.web.ServerProperties] is not eligible for getting processed by all BeanPostProcessors (for example: not eligible for auto-proxying)
2021-03-22 13:33:16.950  INFO [main] [org.springframework.context.support.PostProcessorRegistrationDelegate$BeanPostProcessorChecker] - Bean 'servletWebServerFactoryCustomizer' of type [org.springframework.boot.autoconfigure.web.servlet.ServletWebServerFactoryCustomizer] is not eligible for getting processed by all BeanPostProcessors (for example: not eligible for auto-proxying)
2021-03-22 13:33:16.953  INFO [main] [org.springframework.context.support.PostProcessorRegistrationDelegate$BeanPostProcessorChecker] - Bean 'tomcatServletWebServerFactoryCustomizer' of type [org.springframework.boot.autoconfigure.web.servlet.TomcatServletWebServerFactoryCustomizer] is not eligible for getting processed by all BeanPostProcessors (for example: not eligible for auto-proxying)
2021-03-22 13:33:16.955  INFO [main] [org.springframework.context.support.PostProcessorRegistrationDelegate$BeanPostProcessorChecker] - Bean 'org.springframework.boot.autoconfigure.web.embedded.EmbeddedWebServerFactoryCustomizerAutoConfiguration$TomcatWebServerFactoryCustomizerConfiguration' of type [org.springframework.boot.autoconfigure.web.embedded.EmbeddedWebServerFactoryCustomizerAutoConfiguration$TomcatWebServerFactoryCustomizerConfiguration] is not eligible for getting processed by all BeanPostProcessors (for example: not eligible for auto-proxying)
2021-03-22 13:33:16.959  INFO [main] [org.springframework.context.support.PostProcessorRegistrationDelegate$BeanPostProcessorChecker] - Bean 'tomcatWebServerFactoryCustomizer' of type [org.springframework.boot.autoconfigure.web.embedded.TomcatWebServerFactoryCustomizer] is not eligible for getting processed by all BeanPostProcessors (for example: not eligible for auto-proxying)
2021-03-22 13:33:16.962  INFO [main] [org.springframework.context.support.PostProcessorRegistrationDelegate$BeanPostProcessorChecker] - Bean 'org.springframework.boot.autoconfigure.web.servlet.HttpEncodingAutoConfiguration' of type [org.springframework.boot.autoconfigure.web.servlet.HttpEncodingAutoConfiguration] is not eligible for getting processed by all BeanPostProcessors (for example: not eligible for auto-proxying)
2021-03-22 13:33:16.964  INFO [main] [org.springframework.context.support.PostProcessorRegistrationDelegate$BeanPostProcessorChecker] - Bean 'localeCharsetMappingsCustomizer' of type [org.springframework.boot.autoconfigure.web.servlet.HttpEncodingAutoConfiguration$LocaleCharsetMappingsCustomizer] is not eligible for getting processed by all BeanPostProcessors (for example: not eligible for auto-proxying)
2021-03-22 13:33:16.990  INFO [main] [org.springframework.context.support.PostProcessorRegistrationDelegate$BeanPostProcessorChecker] - Bean 'org.springframework.boot.autoconfigure.web.servlet.error.ErrorMvcAutoConfiguration' of type [org.springframework.boot.autoconfigure.web.servlet.error.ErrorMvcAutoConfiguration] is not eligible for getting processed by all BeanPostProcessors (for example: not eligible for auto-proxying)
2021-03-22 13:33:16.992  INFO [main] [org.springframework.context.support.PostProcessorRegistrationDelegate$BeanPostProcessorChecker] - Bean 'org.springframework.boot.autoconfigure.web.servlet.DispatcherServletAutoConfiguration$DispatcherServletRegistrationConfiguration' of type [org.springframework.boot.autoconfigure.web.servlet.DispatcherServletAutoConfiguration$DispatcherServletRegistrationConfiguration] is not eligible for getting processed by all BeanPostProcessors (for example: not eligible for auto-proxying)
2021-03-22 13:33:16.996  INFO [main] [org.springframework.context.support.PostProcessorRegistrationDelegate$BeanPostProcessorChecker] - Bean 'org.springframework.boot.autoconfigure.web.servlet.DispatcherServletAutoConfiguration$DispatcherServletConfiguration' of type [org.springframework.boot.autoconfigure.web.servlet.DispatcherServletAutoConfiguration$DispatcherServletConfiguration] is not eligible for getting processed by all BeanPostProcessors (for example: not eligible for auto-proxying)
2021-03-22 13:33:17.004  INFO [main] [org.springframework.context.support.PostProcessorRegistrationDelegate$BeanPostProcessorChecker] - Bean 'spring.mvc-org.springframework.boot.autoconfigure.web.servlet.WebMvcProperties' of type [org.springframework.boot.autoconfigure.web.servlet.WebMvcProperties] is not eligible for getting processed by all BeanPostProcessors (for example: not eligible for auto-proxying)
2021-03-22 13:33:17.035  INFO [main] [org.springframework.context.support.PostProcessorRegistrationDelegate$BeanPostProcessorChecker] - Bean 'dispatcherServlet' of type [org.springframework.web.servlet.DispatcherServlet] is not eligible for getting processed by all BeanPostProcessors (for example: not eligible for auto-proxying)
2021-03-22 13:33:17.045  INFO [main] [org.springframework.context.support.PostProcessorRegistrationDelegate$BeanPostProcessorChecker] - Bean 'spring.servlet.multipart-org.springframework.boot.autoconfigure.web.servlet.MultipartProperties' of type [org.springframework.boot.autoconfigure.web.servlet.MultipartProperties] is not eligible for getting processed by all BeanPostProcessors (for example: not eligible for auto-proxying)
2021-03-22 13:33:17.048  INFO [main] [org.springframework.context.support.PostProcessorRegistrationDelegate$BeanPostProcessorChecker] - Bean 'org.springframework.boot.autoconfigure.web.servlet.MultipartAutoConfiguration' of type [org.springframework.boot.autoconfigure.web.servlet.MultipartAutoConfiguration] is not eligible for getting processed by all BeanPostProcessors (for example: not eligible for auto-proxying)
2021-03-22 13:33:17.052  INFO [main] [org.springframework.context.support.PostProcessorRegistrationDelegate$BeanPostProcessorChecker] - Bean 'multipartConfigElement' of type [javax.servlet.MultipartConfigElement] is not eligible for getting processed by all BeanPostProcessors (for example: not eligible for auto-proxying)
2021-03-22 13:33:17.063  INFO [main] [org.springframework.context.support.PostProcessorRegistrationDelegate$BeanPostProcessorChecker] - Bean 'dispatcherServletRegistration' of type [org.springframework.boot.autoconfigure.web.servlet.DispatcherServletRegistrationBean] is not eligible for getting processed by all BeanPostProcessors (for example: not eligible for auto-proxying)
2021-03-22 13:33:17.067  INFO [main] [org.springframework.context.support.PostProcessorRegistrationDelegate$BeanPostProcessorChecker] - Bean 'errorPageCustomizer' of type [org.springframework.boot.autoconfigure.web.servlet.error.ErrorMvcAutoConfiguration$ErrorPageCustomizer] is not eligible for getting processed by all BeanPostProcessors (for example: not eligible for auto-proxying)
2021-03-22 13:33:17.067  INFO [main] [org.springframework.context.support.PostProcessorRegistrationDelegate$BeanPostProcessorChecker] - Bean 'tomcatServletWebServerFactory' of type [org.springframework.boot.web.embedded.tomcat.TomcatServletWebServerFactory] is not eligible for getting processed by all BeanPostProcessors (for example: not eligible for auto-proxying)
2021-03-22 13:33:17.073  INFO [main] [org.springframework.context.support.PostProcessorRegistrationDelegate$BeanPostProcessorChecker] - Bean 'org.springframework.boot.autoconfigure.web.servlet.DispatcherServletAutoConfiguration' of type [org.springframework.boot.autoconfigure.web.servlet.DispatcherServletAutoConfiguration] is not eligible for getting processed by all BeanPostProcessors (for example: not eligible for auto-proxying)
2021-03-22 13:33:17.076  INFO [main] [org.springframework.context.support.PostProcessorRegistrationDelegate$BeanPostProcessorChecker] - Bean 'org.springframework.boot.autoconfigure.task.TaskExecutionAutoConfiguration' of type [org.springframework.boot.autoconfigure.task.TaskExecutionAutoConfiguration] is not eligible for getting processed by all BeanPostProcessors (for example: not eligible for auto-proxying)
2021-03-22 13:33:17.080  INFO [main] [org.springframework.context.support.PostProcessorRegistrationDelegate$BeanPostProcessorChecker] - Bean 'spring.task.execution-org.springframework.boot.autoconfigure.task.TaskExecutionProperties' of type [org.springframework.boot.autoconfigure.task.TaskExecutionProperties] is not eligible for getting processed by all BeanPostProcessors (for example: not eligible for auto-proxying)
2021-03-22 13:33:17.085  INFO [main] [org.springframework.context.support.PostProcessorRegistrationDelegate$BeanPostProcessorChecker] - Bean 'taskExecutorBuilder' of type [org.springframework.boot.task.TaskExecutorBuilder] is not eligible for getting processed by all BeanPostProcessors (for example: not eligible for auto-proxying)
2021-03-22 13:33:17.087  INFO [main] [org.springframework.context.support.PostProcessorRegistrationDelegate$BeanPostProcessorChecker] - Bean 'org.springframework.boot.autoconfigure.web.servlet.error.ErrorMvcAutoConfiguration$WhitelabelErrorViewConfiguration' of type [org.springframework.boot.autoconfigure.web.servlet.error.ErrorMvcAutoConfiguration$WhitelabelErrorViewConfiguration] is not eligible for getting processed by all BeanPostProcessors (for example: not eligible for auto-proxying)
2021-03-22 13:33:17.091  INFO [main] [org.springframework.context.support.PostProcessorRegistrationDelegate$BeanPostProcessorChecker] - Bean 'error' of type [org.springframework.boot.autoconfigure.web.servlet.error.ErrorMvcAutoConfiguration$StaticView] is not eligible for getting processed by all BeanPostProcessors (for example: not eligible for auto-proxying)
2021-03-22 13:33:17.109  INFO [main] [org.springframework.context.support.PostProcessorRegistrationDelegate$BeanPostProcessorChecker] - Bean 'beanNameViewResolver' of type [org.springframework.web.servlet.view.BeanNameViewResolver] is not eligible for getting processed by all BeanPostProcessors (for example: not eligible for auto-proxying)
2021-03-22 13:33:17.118  INFO [main] [org.springframework.context.support.PostProcessorRegistrationDelegate$BeanPostProcessorChecker] - Bean 'spring.resources-org.springframework.boot.autoconfigure.web.ResourceProperties' of type [org.springframework.boot.autoconfigure.web.ResourceProperties] is not eligible for getting processed by all BeanPostProcessors (for example: not eligible for auto-proxying)
2021-03-22 13:33:17.122  INFO [main] [org.springframework.context.support.PostProcessorRegistrationDelegate$BeanPostProcessorChecker] - Bean 'spring.web-org.springframework.boot.autoconfigure.web.WebProperties' of type [org.springframework.boot.autoconfigure.web.WebProperties] is not eligible for getting processed by all BeanPostProcessors (for example: not eligible for auto-proxying)
2021-03-22 13:33:17.125  INFO [main] [org.springframework.context.support.PostProcessorRegistrationDelegate$BeanPostProcessorChecker] - Bean 'org.springframework.boot.autoconfigure.web.servlet.error.ErrorMvcAutoConfiguration$DefaultErrorViewResolverConfiguration' of type [org.springframework.boot.autoconfigure.web.servlet.error.ErrorMvcAutoConfiguration$DefaultErrorViewResolverConfiguration] is not eligible for getting processed by all BeanPostProcessors (for example: not eligible for auto-proxying)
2021-03-22 13:33:17.130  INFO [main] [org.springframework.context.support.PostProcessorRegistrationDelegate$BeanPostProcessorChecker] - Bean 'conventionErrorViewResolver' of type [org.springframework.boot.autoconfigure.web.servlet.error.DefaultErrorViewResolver] is not eligible for getting processed by all BeanPostProcessors (for example: not eligible for auto-proxying)
2021-03-22 13:33:17.137  INFO [main] [org.springframework.context.support.PostProcessorRegistrationDelegate$BeanPostProcessorChecker] - Bean 'errorAttributes' of type [org.springframework.boot.web.servlet.error.DefaultErrorAttributes] is not eligible for getting processed by all BeanPostProcessors (for example: not eligible for auto-proxying)
2021-03-22 13:33:17.153  INFO [main] [org.springframework.context.support.PostProcessorRegistrationDelegate$BeanPostProcessorChecker] - Bean 'basicErrorController' of type [org.springframework.boot.autoconfigure.web.servlet.error.BasicErrorController] is not eligible for getting processed by all BeanPostProcessors (for example: not eligible for auto-proxying)
2021-03-22 13:33:17.174  INFO [main] [org.springframework.context.support.PostProcessorRegistrationDelegate$BeanPostProcessorChecker] - Bean 'org.springframework.boot.autoconfigure.web.servlet.WebMvcAutoConfiguration$WebMvcAutoConfigurationAdapter' of type [org.springframework.boot.autoconfigure.web.servlet.WebMvcAutoConfiguration$WebMvcAutoConfigurationAdapter] is not eligible for getting processed by all BeanPostProcessors (for example: not eligible for auto-proxying)
2021-03-22 13:33:17.175  INFO [main] [org.springframework.context.support.PostProcessorRegistrationDelegate$BeanPostProcessorChecker] - Bean 'org.springframework.boot.autoconfigure.web.servlet.WebMvcAutoConfiguration$EnableWebMvcConfiguration' of type [org.springframework.boot.autoconfigure.web.servlet.WebMvcAutoConfiguration$EnableWebMvcConfiguration] is not eligible for getting processed by all BeanPostProcessors (for example: not eligible for auto-proxying)
2021-03-22 13:33:17.188  INFO [main] [org.springframework.context.support.PostProcessorRegistrationDelegate$BeanPostProcessorChecker] - Bean 'mvcContentNegotiationManager' of type [org.springframework.web.accept.ContentNegotiationManager] is not eligible for getting processed by all BeanPostProcessors (for example: not eligible for auto-proxying)
2021-03-22 13:33:17.199  INFO [main] [org.springframework.context.support.PostProcessorRegistrationDelegate$BeanPostProcessorChecker] - Bean 'mvcConversionService' of type [org.springframework.boot.autoconfigure.web.format.WebConversionService] is not eligible for getting processed by all BeanPostProcessors (for example: not eligible for auto-proxying)
2021-03-22 13:33:17.203  INFO [main] [org.springframework.context.support.PostProcessorRegistrationDelegate$BeanPostProcessorChecker] - Bean 'mvcValidator' of type [org.springframework.web.servlet.config.annotation.WebMvcConfigurationSupport$NoOpValidator] is not eligible for getting processed by all BeanPostProcessors (for example: not eligible for auto-proxying)
2021-03-22 13:33:17.222  INFO [main] [org.springframework.context.support.PostProcessorRegistrationDelegate$BeanPostProcessorChecker] - Bean 'org.springframework.boot.autoconfigure.http.HttpMessageConvertersAutoConfiguration' of type [org.springframework.boot.autoconfigure.http.HttpMessageConvertersAutoConfiguration] is not eligible for getting processed by all BeanPostProcessors (for example: not eligible for auto-proxying)
2021-03-22 13:33:17.226  INFO [main] [org.springframework.context.support.PostProcessorRegistrationDelegate$BeanPostProcessorChecker] - Bean 'org.springframework.boot.autoconfigure.http.HttpMessageConvertersAutoConfiguration$StringHttpMessageConverterConfiguration' of type [org.springframework.boot.autoconfigure.http.HttpMessageConvertersAutoConfiguration$StringHttpMessageConverterConfiguration] is not eligible for getting processed by all BeanPostProcessors (for example: not eligible for auto-proxying)
2021-03-22 13:33:17.233  INFO [main] [org.springframework.context.support.PostProcessorRegistrationDelegate$BeanPostProcessorChecker] - Bean 'stringHttpMessageConverter' of type [org.springframework.http.converter.StringHttpMessageConverter] is not eligible for getting processed by all BeanPostProcessors (for example: not eligible for auto-proxying)
2021-03-22 13:33:17.235  INFO [main] [org.springframework.context.support.PostProcessorRegistrationDelegate$BeanPostProcessorChecker] - Bean 'org.springframework.boot.autoconfigure.http.JacksonHttpMessageConvertersConfiguration$MappingJackson2HttpMessageConverterConfiguration' of type [org.springframework.boot.autoconfigure.http.JacksonHttpMessageConvertersConfiguration$MappingJackson2HttpMessageConverterConfiguration] is not eligible for getting processed by all BeanPostProcessors (for example: not eligible for auto-proxying)
2021-03-22 13:33:17.237  INFO [main] [org.springframework.context.support.PostProcessorRegistrationDelegate$BeanPostProcessorChecker] - Bean 'org.springframework.boot.autoconfigure.jackson.JacksonAutoConfiguration$JacksonObjectMapperConfiguration' of type [org.springframework.boot.autoconfigure.jackson.JacksonAutoConfiguration$JacksonObjectMapperConfiguration] is not eligible for getting processed by all BeanPostProcessors (for example: not eligible for auto-proxying)
2021-03-22 13:33:17.240  INFO [main] [org.springframework.context.support.PostProcessorRegistrationDelegate$BeanPostProcessorChecker] - Bean 'org.springframework.boot.autoconfigure.jackson.JacksonAutoConfiguration$JacksonObjectMapperBuilderConfiguration' of type [org.springframework.boot.autoconfigure.jackson.JacksonAutoConfiguration$JacksonObjectMapperBuilderConfiguration] is not eligible for getting processed by all BeanPostProcessors (for example: not eligible for auto-proxying)
2021-03-22 13:33:17.242  INFO [main] [org.springframework.context.support.PostProcessorRegistrationDelegate$BeanPostProcessorChecker] - Bean 'org.springframework.boot.autoconfigure.jackson.JacksonAutoConfiguration$Jackson2ObjectMapperBuilderCustomizerConfiguration' of type [org.springframework.boot.autoconfigure.jackson.JacksonAutoConfiguration$Jackson2ObjectMapperBuilderCustomizerConfiguration] is not eligible for getting processed by all BeanPostProcessors (for example: not eligible for auto-proxying)
2021-03-22 13:33:17.249  INFO [main] [org.springframework.context.support.PostProcessorRegistrationDelegate$BeanPostProcessorChecker] - Bean 'spring.jackson-org.springframework.boot.autoconfigure.jackson.JacksonProperties' of type [org.springframework.boot.autoconfigure.jackson.JacksonProperties] is not eligible for getting processed by all BeanPostProcessors (for example: not eligible for auto-proxying)
2021-03-22 13:33:17.253  INFO [main] [org.springframework.context.support.PostProcessorRegistrationDelegate$BeanPostProcessorChecker] - Bean 'standardJacksonObjectMapperBuilderCustomizer' of type [org.springframework.boot.autoconfigure.jackson.JacksonAutoConfiguration$Jackson2ObjectMapperBuilderCustomizerConfiguration$StandardJackson2ObjectMapperBuilderCustomizer] is not eligible for getting processed by all BeanPostProcessors (for example: not eligible for auto-proxying)
2021-03-22 13:33:17.256  INFO [main] [org.springframework.context.support.PostProcessorRegistrationDelegate$BeanPostProcessorChecker] - Bean 'org.springframework.boot.autoconfigure.jackson.JacksonAutoConfiguration$ParameterNamesModuleConfiguration' of type [org.springframework.boot.autoconfigure.jackson.JacksonAutoConfiguration$ParameterNamesModuleConfiguration] is not eligible for getting processed by all BeanPostProcessors (for example: not eligible for auto-proxying)
2021-03-22 13:33:17.268  INFO [main] [org.springframework.context.support.PostProcessorRegistrationDelegate$BeanPostProcessorChecker] - Bean 'parameterNamesModule' of type [com.fasterxml.jackson.module.paramnames.ParameterNamesModule] is not eligible for getting processed by all BeanPostProcessors (for example: not eligible for auto-proxying)
2021-03-22 13:33:17.270  INFO [main] [org.springframework.context.support.PostProcessorRegistrationDelegate$BeanPostProcessorChecker] - Bean 'org.springframework.boot.autoconfigure.jackson.JacksonAutoConfiguration' of type [org.springframework.boot.autoconfigure.jackson.JacksonAutoConfiguration] is not eligible for getting processed by all BeanPostProcessors (for example: not eligible for auto-proxying)
2021-03-22 13:33:17.280  INFO [main] [org.springframework.context.support.PostProcessorRegistrationDelegate$BeanPostProcessorChecker] - Bean 'jsonComponentModule' of type [org.springframework.boot.jackson.JsonComponentModule] is not eligible for getting processed by all BeanPostProcessors (for example: not eligible for auto-proxying)
2021-03-22 13:33:17.285  INFO [main] [org.springframework.context.support.PostProcessorRegistrationDelegate$BeanPostProcessorChecker] - Bean 'jacksonObjectMapperBuilder' of type [org.springframework.http.converter.json.Jackson2ObjectMapperBuilder] is not eligible for getting processed by all BeanPostProcessors (for example: not eligible for auto-proxying)
2021-03-22 13:33:17.321  INFO [main] [org.springframework.context.support.PostProcessorRegistrationDelegate$BeanPostProcessorChecker] - Bean 'jacksonObjectMapper' of type [com.fasterxml.jackson.databind.ObjectMapper] is not eligible for getting processed by all BeanPostProcessors (for example: not eligible for auto-proxying)
2021-03-22 13:33:17.331  INFO [main] [org.springframework.context.support.PostProcessorRegistrationDelegate$BeanPostProcessorChecker] - Bean 'mappingJackson2HttpMessageConverter' of type [org.springframework.http.converter.json.MappingJackson2HttpMessageConverter] is not eligible for getting processed by all BeanPostProcessors (for example: not eligible for auto-proxying)
2021-03-22 13:33:17.340  INFO [main] [org.springframework.context.support.PostProcessorRegistrationDelegate$BeanPostProcessorChecker] - Bean 'messageConverters' of type [org.springframework.boot.autoconfigure.http.HttpMessageConverters] is not eligible for getting processed by all BeanPostProcessors (for example: not eligible for auto-proxying)
2021-03-22 13:33:17.359  INFO [main] [org.springframework.scheduling.concurrent.ThreadPoolTaskExecutor] - Initializing ExecutorService 'applicationTaskExecutor'
2021-03-22 13:33:17.359  INFO [main] [org.springframework.context.support.PostProcessorRegistrationDelegate$BeanPostProcessorChecker] - Bean 'applicationTaskExecutor' of type [org.springframework.scheduling.concurrent.ThreadPoolTaskExecutor] is not eligible for getting processed by all BeanPostProcessors (for example: not eligible for auto-proxying)
2021-03-22 13:33:17.411  INFO [main] [org.springframework.context.support.PostProcessorRegistrationDelegate$BeanPostProcessorChecker] - Bean 'requestMappingHandlerAdapter' of type [org.springframework.web.servlet.mvc.method.annotation.RequestMappingHandlerAdapter] is not eligible for getting processed by all BeanPostProcessors (for example: not eligible for auto-proxying)
2021-03-22 13:33:17.422  INFO [main] [org.springframework.context.support.PostProcessorRegistrationDelegate$BeanPostProcessorChecker] - Bean 'mvcResourceUrlProvider' of type [org.springframework.web.servlet.resource.ResourceUrlProvider] is not eligible for getting processed by all BeanPostProcessors (for example: not eligible for auto-proxying)
2021-03-22 13:33:17.482  INFO [main] [org.springframework.context.support.PostProcessorRegistrationDelegate$BeanPostProcessorChecker] - Bean 'requestMappingHandlerMapping' of type [org.springframework.web.servlet.mvc.method.annotation.RequestMappingHandlerMapping] is not eligible for getting processed by all BeanPostProcessors (for example: not eligible for auto-proxying)
2021-03-22 13:33:17.498  INFO [main] [org.springframework.context.support.PostProcessorRegistrationDelegate$BeanPostProcessorChecker] - Bean 'welcomePageHandlerMapping' of type [org.springframework.boot.autoconfigure.web.servlet.WelcomePageHandlerMapping] is not eligible for getting processed by all BeanPostProcessors (for example: not eligible for auto-proxying)
2021-03-22 13:33:17.502  INFO [main] [org.springframework.context.support.PostProcessorRegistrationDelegate$BeanPostProcessorChecker] - Bean 'localeResolver' of type [org.springframework.web.servlet.i18n.AcceptHeaderLocaleResolver] is not eligible for getting processed by all BeanPostProcessors (for example: not eligible for auto-proxying)
2021-03-22 13:33:17.505  INFO [main] [org.springframework.context.support.PostProcessorRegistrationDelegate$BeanPostProcessorChecker] - Bean 'themeResolver' of type [org.springframework.web.servlet.theme.FixedThemeResolver] is not eligible for getting processed by all BeanPostProcessors (for example: not eligible for auto-proxying)
2021-03-22 13:33:17.511  INFO [main] [org.springframework.context.support.PostProcessorRegistrationDelegate$BeanPostProcessorChecker] - Bean 'flashMapManager' of type [org.springframework.web.servlet.support.SessionFlashMapManager] is not eligible for getting processed by all BeanPostProcessors (for example: not eligible for auto-proxying)
2021-03-22 13:33:17.514  INFO [main] [org.springframework.context.support.PostProcessorRegistrationDelegate$BeanPostProcessorChecker] - Bean 'mvcPatternParser' of type [org.springframework.web.util.pattern.PathPatternParser] is not eligible for getting processed by all BeanPostProcessors (for example: not eligible for auto-proxying)
2021-03-22 13:33:17.517  INFO [main] [org.springframework.context.support.PostProcessorRegistrationDelegate$BeanPostProcessorChecker] - Bean 'mvcUrlPathHelper' of type [org.springframework.web.util.UrlPathHelper] is not eligible for getting processed by all BeanPostProcessors (for example: not eligible for auto-proxying)
2021-03-22 13:33:17.520  INFO [main] [org.springframework.context.support.PostProcessorRegistrationDelegate$BeanPostProcessorChecker] - Bean 'mvcPathMatcher' of type [org.springframework.util.AntPathMatcher] is not eligible for getting processed by all BeanPostProcessors (for example: not eligible for auto-proxying)
2021-03-22 13:33:17.523  INFO [main] [org.springframework.context.support.PostProcessorRegistrationDelegate$BeanPostProcessorChecker] - Bean 'viewControllerHandlerMapping' of type [org.springframework.beans.factory.support.NullBean] is not eligible for getting processed by all BeanPostProcessors (for example: not eligible for auto-proxying)
2021-03-22 13:33:17.536  INFO [main] [org.springframework.context.support.PostProcessorRegistrationDelegate$BeanPostProcessorChecker] - Bean 'beanNameHandlerMapping' of type [org.springframework.web.servlet.handler.BeanNameUrlHandlerMapping] is not eligible for getting processed by all BeanPostProcessors (for example: not eligible for auto-proxying)
2021-03-22 13:33:17.550  INFO [main] [org.springframework.context.support.PostProcessorRegistrationDelegate$BeanPostProcessorChecker] - Bean 'routerFunctionMapping' of type [org.springframework.web.servlet.function.support.RouterFunctionMapping] is not eligible for getting processed by all BeanPostProcessors (for example: not eligible for auto-proxying)
2021-03-22 13:33:17.576  INFO [main] [org.springframework.context.support.PostProcessorRegistrationDelegate$BeanPostProcessorChecker] - Bean 'resourceHandlerMapping' of type [org.springframework.web.servlet.handler.SimpleUrlHandlerMapping] is not eligible for getting processed by all BeanPostProcessors (for example: not eligible for auto-proxying)
2021-03-22 13:33:17.577  INFO [main] [org.springframework.context.support.PostProcessorRegistrationDelegate$BeanPostProcessorChecker] - Bean 'defaultServletHandlerMapping' of type [org.springframework.beans.factory.support.NullBean] is not eligible for getting processed by all BeanPostProcessors (for example: not eligible for auto-proxying)
2021-03-22 13:33:17.582  INFO [main] [org.springframework.context.support.PostProcessorRegistrationDelegate$BeanPostProcessorChecker] - Bean 'handlerFunctionAdapter' of type [org.springframework.web.servlet.function.support.HandlerFunctionAdapter] is not eligible for getting processed by all BeanPostProcessors (for example: not eligible for auto-proxying)
2021-03-22 13:33:17.587  INFO [main] [org.springframework.context.support.PostProcessorRegistrationDelegate$BeanPostProcessorChecker] - Bean 'mvcUriComponentsContributor' of type [org.springframework.web.method.support.CompositeUriComponentsContributor] is not eligible for getting processed by all BeanPostProcessors (for example: not eligible for auto-proxying)
2021-03-22 13:33:17.589  INFO [main] [org.springframework.context.support.PostProcessorRegistrationDelegate$BeanPostProcessorChecker] - Bean 'httpRequestHandlerAdapter' of type [org.springframework.web.servlet.mvc.HttpRequestHandlerAdapter] is not eligible for getting processed by all BeanPostProcessors (for example: not eligible for auto-proxying)
2021-03-22 13:33:17.590  INFO [main] [org.springframework.context.support.PostProcessorRegistrationDelegate$BeanPostProcessorChecker] - Bean 'simpleControllerHandlerAdapter' of type [org.springframework.web.servlet.mvc.SimpleControllerHandlerAdapter] is not eligible for getting processed by all BeanPostProcessors (for example: not eligible for auto-proxying)
2021-03-22 13:33:17.599  INFO [main] [org.springframework.context.support.PostProcessorRegistrationDelegate$BeanPostProcessorChecker] - Bean 'handlerExceptionResolver' of type [org.springframework.web.servlet.handler.HandlerExceptionResolverComposite] is not eligible for getting processed by all BeanPostProcessors (for example: not eligible for auto-proxying)
2021-03-22 13:33:17.606  INFO [main] [org.springframework.context.support.PostProcessorRegistrationDelegate$BeanPostProcessorChecker] - Bean 'mvcViewResolver' of type [org.springframework.web.servlet.view.ViewResolverComposite] is not eligible for getting processed by all BeanPostProcessors (for example: not eligible for auto-proxying)
2021-03-22 13:33:17.611  INFO [main] [org.springframework.context.support.PostProcessorRegistrationDelegate$BeanPostProcessorChecker] - Bean 'viewNameTranslator' of type [org.springframework.web.servlet.view.DefaultRequestToViewNameTranslator] is not eligible for getting processed by all BeanPostProcessors (for example: not eligible for auto-proxying)
2021-03-22 13:33:17.627  INFO [main] [org.springframework.context.support.PostProcessorRegistrationDelegate$BeanPostProcessorChecker] - Bean 'defaultViewResolver' of type [org.springframework.web.servlet.view.InternalResourceViewResolver] is not eligible for getting processed by all BeanPostProcessors (for example: not eligible for auto-proxying)
2021-03-22 13:33:17.637  INFO [main] [org.springframework.context.support.PostProcessorRegistrationDelegate$BeanPostProcessorChecker] - Bean 'viewResolver' of type [org.springframework.web.servlet.view.ContentNegotiatingViewResolver] is not eligible for getting processed by all BeanPostProcessors (for example: not eligible for auto-proxying)
2021-03-22 13:33:17.651  INFO [main] [org.springframework.context.support.PostProcessorRegistrationDelegate$BeanPostProcessorChecker] - Bean 'requestContextFilter' of type [org.springframework.boot.web.servlet.filter.OrderedRequestContextFilter] is not eligible for getting processed by all BeanPostProcessors (for example: not eligible for auto-proxying)
2021-03-22 13:33:17.654  INFO [main] [org.springframework.context.support.PostProcessorRegistrationDelegate$BeanPostProcessorChecker] - Bean 'org.springframework.boot.autoconfigure.web.servlet.WebMvcAutoConfiguration' of type [org.springframework.boot.autoconfigure.web.servlet.WebMvcAutoConfiguration] is not eligible for getting processed by all BeanPostProcessors (for example: not eligible for auto-proxying)
2021-03-22 13:33:17.667  INFO [main] [org.springframework.context.support.PostProcessorRegistrationDelegate$BeanPostProcessorChecker] - Bean 'formContentFilter' of type [org.springframework.boot.web.servlet.filter.OrderedFormContentFilter] is not eligible for getting processed by all BeanPostProcessors (for example: not eligible for auto-proxying)
2021-03-22 13:33:17.673  INFO [main] [org.springframework.context.support.PostProcessorRegistrationDelegate$BeanPostProcessorChecker] - Bean 'spring.mxsm.zkclient-github.ant.mxsm.zkclient.spring.boot.autoconfigure.properties.ZookeeperProperties' of type [github.ant.mxsm.zkclient.spring.boot.autoconfigure.properties.ZookeeperProperties] is not eligible for getting processed by all BeanPostProcessors (for example: not eligible for auto-proxying)
2021-03-22 13:33:17.676  INFO [main] [org.springframework.context.support.PostProcessorRegistrationDelegate$BeanPostProcessorChecker] - Bean 'github.ant.mxsm.zkclient.spring.boot.autoconfigure.ZookeeperClientAutoConfigure' of type [github.ant.mxsm.zkclient.spring.boot.autoconfigure.ZookeeperClientAutoConfigure$$EnhancerBySpringCGLIB$$5cab7bdf] is not eligible for getting processed by all BeanPostProcessors (for example: not eligible for auto-proxying)
2021-03-22 13:33:17.700  WARN [main] [org.springframework.web.context.support.GenericWebApplicationContext] - Exception encountered during context initialization - cancelling refresh attempt: org.springframework.beans.factory.BeanCreationException: Error creating bean with name 'zookeeperClient' defined in class path resource [github/ant/mxsm/zkclient/spring/boot/autoconfigure/ZookeeperClientAutoConfigure.class]: Bean instantiation via factory method failed; nested exception is org.springframework.beans.BeanInstantiationException: Failed to instantiate [github.mxsm.zkclient.ZookeeperClient]: Factory method 'zookeeperClient' threw exception; nested exception is java.lang.IllegalArgumentException:  spring.mxsm.zkclient.servers is blank
2021-03-22 13:33:17.700  INFO [main] [org.springframework.scheduling.concurrent.ThreadPoolTaskExecutor] - Shutting down ExecutorService 'applicationTaskExecutor'
2021-03-22 13:33:17.701  INFO [main] [org.apache.dubbo.config.spring.beans.factory.annotation.ReferenceAnnotationBeanPostProcessor] - class org.apache.dubbo.config.spring.beans.factory.annotation.ReferenceAnnotationBeanPostProcessor was destroying!
2021-03-22 13:33:17.713  INFO [main] [org.springframework.boot.autoconfigure.logging.ConditionEvaluationReportLoggingListener] - 

Error starting ApplicationContext. To display the conditions report re-run your application with 'debug' enabled.
2021-03-22 13:33:17.738 ERROR [main] [org.springframework.boot.SpringApplication] - Application run failed
org.springframework.beans.factory.BeanCreationException: Error creating bean with name 'zookeeperClient' defined in class path resource [github/ant/mxsm/zkclient/spring/boot/autoconfigure/ZookeeperClientAutoConfigure.class]: Bean instantiation via factory method failed; nested exception is org.springframework.beans.BeanInstantiationException: Failed to instantiate [github.mxsm.zkclient.ZookeeperClient]: Factory method 'zookeeperClient' threw exception; nested exception is java.lang.IllegalArgumentException:  spring.mxsm.zkclient.servers is blank
	at org.springframework.beans.factory.support.ConstructorResolver.instantiate(ConstructorResolver.java:658)
	at org.springframework.beans.factory.support.ConstructorResolver.instantiateUsingFactoryMethod(ConstructorResolver.java:486)
	at org.springframework.beans.factory.support.AbstractAutowireCapableBeanFactory.instantiateUsingFactoryMethod(AbstractAutowireCapableBeanFactory.java:1334)
	at org.springframework.beans.factory.support.AbstractAutowireCapableBeanFactory.createBeanInstance(AbstractAutowireCapableBeanFactory.java:1177)
	at org.springframework.beans.factory.support.AbstractAutowireCapableBeanFactory.doCreateBean(AbstractAutowireCapableBeanFactory.java:564)
	at org.springframework.beans.factory.support.AbstractAutowireCapableBeanFactory.createBean(AbstractAutowireCapableBeanFactory.java:524)
	at org.springframework.beans.factory.support.AbstractBeanFactory.lambda$doGetBean$0(AbstractBeanFactory.java:335)
	at org.springframework.beans.factory.support.DefaultSingletonBeanRegistry.getSingleton(DefaultSingletonBeanRegistry.java:234)
	at org.springframework.beans.factory.support.AbstractBeanFactory.doGetBean(AbstractBeanFactory.java:333)
	at org.springframework.beans.factory.support.AbstractBeanFactory.getBean(AbstractBeanFactory.java:208)
	at org.springframework.beans.factory.support.DefaultListableBeanFactory.preInstantiateSingletons(DefaultListableBeanFactory.java:944)
	at org.springframework.context.support.AbstractApplicationContext.finishBeanFactoryInitialization(AbstractApplicationContext.java:918)
	at org.springframework.context.support.AbstractApplicationContext.refresh(AbstractApplicationContext.java:583)
	at org.springframework.boot.SpringApplication.refresh(SpringApplication.java:769)
	at org.springframework.boot.SpringApplication.refresh(SpringApplication.java:761)
	at org.springframework.boot.SpringApplication.refreshContext(SpringApplication.java:426)
	at org.springframework.boot.SpringApplication.run(SpringApplication.java:326)
	at org.springframework.boot.test.context.SpringBootContextLoader.loadContext(SpringBootContextLoader.java:123)
	at org.springframework.test.context.cache.DefaultCacheAwareContextLoaderDelegate.loadContextInternal(DefaultCacheAwareContextLoaderDelegate.java:99)
	at org.springframework.test.context.cache.DefaultCacheAwareContextLoaderDelegate.loadContext(DefaultCacheAwareContextLoaderDelegate.java:124)
	at org.springframework.test.context.support.DefaultTestContext.getApplicationContext(DefaultTestContext.java:124)
	at org.springframework.test.context.web.ServletTestExecutionListener.setUpRequestContextIfNecessary(ServletTestExecutionListener.java:190)
	at org.springframework.test.context.web.ServletTestExecutionListener.prepareTestInstance(ServletTestExecutionListener.java:132)
	at org.springframework.test.context.TestContextManager.prepareTestInstance(TestContextManager.java:244)
	at org.springframework.test.context.junit.jupiter.SpringExtension.postProcessTestInstance(SpringExtension.java:138)
	at org.junit.jupiter.engine.descriptor.ClassBasedTestDescriptor.lambda$invokeTestInstancePostProcessors$6(ClassBasedTestDescriptor.java:350)
	at org.junit.jupiter.engine.descriptor.ClassBasedTestDescriptor.executeAndMaskThrowable(ClassBasedTestDescriptor.java:355)
	at org.junit.jupiter.engine.descriptor.ClassBasedTestDescriptor.lambda$invokeTestInstancePostProcessors$7(ClassBasedTestDescriptor.java:350)
	at java.util.stream.ReferencePipeline$3$1.accept(ReferencePipeline.java:193)
	at java.util.stream.ReferencePipeline$2$1.accept(ReferencePipeline.java:175)
	at java.util.ArrayList$ArrayListSpliterator.forEachRemaining(ArrayList.java:1382)
	at java.util.stream.AbstractPipeline.copyInto(AbstractPipeline.java:481)
	at java.util.stream.AbstractPipeline.wrapAndCopyInto(AbstractPipeline.java:471)
	at java.util.stream.StreamSpliterators$WrappingSpliterator.forEachRemaining(StreamSpliterators.java:312)
	at java.util.stream.Streams$ConcatSpliterator.forEachRemaining(Streams.java:743)
	at java.util.stream.Streams$ConcatSpliterator.forEachRemaining(Streams.java:742)
	at java.util.stream.ReferencePipeline$Head.forEach(ReferencePipeline.java:580)
	at org.junit.jupiter.engine.descriptor.ClassBasedTestDescriptor.invokeTestInstancePostProcessors(ClassBasedTestDescriptor.java:349)
	at org.junit.jupiter.engine.descriptor.ClassBasedTestDescriptor.lambda$instantiateAndPostProcessTestInstance$4(ClassBasedTestDescriptor.java:270)
	at org.junit.platform.engine.support.hierarchical.ThrowableCollector.execute(ThrowableCollector.java:73)
	at org.junit.jupiter.engine.descriptor.ClassBasedTestDescriptor.instantiateAndPostProcessTestInstance(ClassBasedTestDescriptor.java:269)
	at org.junit.jupiter.engine.descriptor.ClassBasedTestDescriptor.lambda$testInstancesProvider$2(ClassBasedTestDescriptor.java:259)
	at java.util.Optional.orElseGet(Optional.java:267)
	at org.junit.jupiter.engine.descriptor.ClassBasedTestDescriptor.lambda$testInstancesProvider$3(ClassBasedTestDescriptor.java:258)
	at org.junit.jupiter.engine.execution.TestInstancesProvider.getTestInstances(TestInstancesProvider.java:31)
	at org.junit.jupiter.engine.descriptor.TestMethodTestDescriptor.lambda$prepare$0(TestMethodTestDescriptor.java:101)
	at org.junit.platform.engine.support.hierarchical.ThrowableCollector.execute(ThrowableCollector.java:73)
	at org.junit.jupiter.engine.descriptor.TestMethodTestDescriptor.prepare(TestMethodTestDescriptor.java:100)
	at org.junit.jupiter.engine.descriptor.TestMethodTestDescriptor.prepare(TestMethodTestDescriptor.java:65)
	at org.junit.platform.engine.support.hierarchical.NodeTestTask.lambda$prepare$1(NodeTestTask.java:111)
	at org.junit.platform.engine.support.hierarchical.ThrowableCollector.execute(ThrowableCollector.java:73)
	at org.junit.platform.engine.support.hierarchical.NodeTestTask.prepare(NodeTestTask.java:111)
	at org.junit.platform.engine.support.hierarchical.NodeTestTask.execute(NodeTestTask.java:79)
	at java.util.ArrayList.forEach(ArrayList.java:1257)
	at org.junit.platform.engine.support.hierarchical.SameThreadHierarchicalTestExecutorService.invokeAll(SameThreadHierarchicalTestExecutorService.java:38)
	at org.junit.platform.engine.support.hierarchical.NodeTestTask.lambda$executeRecursively$5(NodeTestTask.java:143)
	at org.junit.platform.engine.support.hierarchical.ThrowableCollector.execute(ThrowableCollector.java:73)
	at org.junit.platform.engine.support.hierarchical.NodeTestTask.lambda$executeRecursively$7(NodeTestTask.java:129)
	at org.junit.platform.engine.support.hierarchical.Node.around(Node.java:137)
	at org.junit.platform.engine.support.hierarchical.NodeTestTask.lambda$executeRecursively$8(NodeTestTask.java:127)
	at org.junit.platform.engine.support.hierarchical.ThrowableCollector.execute(ThrowableCollector.java:73)
	at org.junit.platform.engine.support.hierarchical.NodeTestTask.executeRecursively(NodeTestTask.java:126)
	at org.junit.platform.engine.support.hierarchical.NodeTestTask.execute(NodeTestTask.java:84)
	at java.util.ArrayList.forEach(ArrayList.java:1257)
	at org.junit.platform.engine.support.hierarchical.SameThreadHierarchicalTestExecutorService.invokeAll(SameThreadHierarchicalTestExecutorService.java:38)
	at org.junit.platform.engine.support.hierarchical.NodeTestTask.lambda$executeRecursively$5(NodeTestTask.java:143)
	at org.junit.platform.engine.support.hierarchical.ThrowableCollector.execute(ThrowableCollector.java:73)
	at org.junit.platform.engine.support.hierarchical.NodeTestTask.lambda$executeRecursively$7(NodeTestTask.java:129)
	at org.junit.platform.engine.support.hierarchical.Node.around(Node.java:137)
	at org.junit.platform.engine.support.hierarchical.NodeTestTask.lambda$executeRecursively$8(NodeTestTask.java:127)
	at org.junit.platform.engine.support.hierarchical.ThrowableCollector.execute(ThrowableCollector.java:73)
	at org.junit.platform.engine.support.hierarchical.NodeTestTask.executeRecursively(NodeTestTask.java:126)
	at org.junit.platform.engine.support.hierarchical.NodeTestTask.execute(NodeTestTask.java:84)
	at org.junit.platform.engine.support.hierarchical.SameThreadHierarchicalTestExecutorService.submit(SameThreadHierarchicalTestExecutorService.java:32)
	at org.junit.platform.engine.support.hierarchical.HierarchicalTestExecutor.execute(HierarchicalTestExecutor.java:57)
	at org.junit.platform.engine.support.hierarchical.HierarchicalTestEngine.execute(HierarchicalTestEngine.java:51)
	at org.junit.platform.launcher.core.DefaultLauncher.execute(DefaultLauncher.java:220)
	at org.junit.platform.launcher.core.DefaultLauncher.lambda$execute$6(DefaultLauncher.java:188)
	at org.junit.platform.launcher.core.DefaultLauncher.withInterceptedStreams(DefaultLauncher.java:202)
	at org.junit.platform.launcher.core.DefaultLauncher.execute(DefaultLauncher.java:181)
	at org.junit.platform.launcher.core.DefaultLauncher.execute(DefaultLauncher.java:128)
	at org.apache.maven.surefire.junitplatform.JUnitPlatformProvider.invokeAllTests(JUnitPlatformProvider.java:150)
	at org.apache.maven.surefire.junitplatform.JUnitPlatformProvider.invoke(JUnitPlatformProvider.java:124)
	at org.apache.maven.surefire.booter.ForkedBooter.invokeProviderInSameClassLoader(ForkedBooter.java:384)
	at org.apache.maven.surefire.booter.ForkedBooter.runSuitesInProcess(ForkedBooter.java:345)
	at org.apache.maven.surefire.booter.ForkedBooter.execute(ForkedBooter.java:126)
	at org.apache.maven.surefire.booter.ForkedBooter.main(ForkedBooter.java:418)
Caused by: org.springframework.beans.BeanInstantiationException: Failed to instantiate [github.mxsm.zkclient.ZookeeperClient]: Factory method 'zookeeperClient' threw exception; nested exception is java.lang.IllegalArgumentException:  spring.mxsm.zkclient.servers is blank
	at org.springframework.beans.factory.support.SimpleInstantiationStrategy.instantiate(SimpleInstantiationStrategy.java:185)
	at org.springframework.beans.factory.support.ConstructorResolver.instantiate(ConstructorResolver.java:653)
	... 86 common frames omitted
Caused by: java.lang.IllegalArgumentException:  spring.mxsm.zkclient.servers is blank
	at github.ant.mxsm.zkclient.spring.boot.autoconfigure.ZookeeperClientAutoConfigure.checkNecessaryParams(ZookeeperClientAutoConfigure.java:105)
	at github.ant.mxsm.zkclient.spring.boot.autoconfigure.ZookeeperClientAutoConfigure.zookeeperClient(ZookeeperClientAutoConfigure.java:43)
	at github.ant.mxsm.zkclient.spring.boot.autoconfigure.ZookeeperClientAutoConfigure$$EnhancerBySpringCGLIB$$5cab7bdf.CGLIB$zookeeperClient$0(<generated>)
	at github.ant.mxsm.zkclient.spring.boot.autoconfigure.ZookeeperClientAutoConfigure$$EnhancerBySpringCGLIB$$5cab7bdf$$FastClassBySpringCGLIB$$e3a4d5c8.invoke(<generated>)
	at org.springframework.cglib.proxy.MethodProxy.invokeSuper(MethodProxy.java:244)
	at org.springframework.context.annotation.ConfigurationClassEnhancer$BeanMethodInterceptor.intercept(ConfigurationClassEnhancer.java:331)
	at github.ant.mxsm.zkclient.spring.boot.autoconfigure.ZookeeperClientAutoConfigure$$EnhancerBySpringCGLIB$$5cab7bdf.zookeeperClient(<generated>)
	at sun.reflect.NativeMethodAccessorImpl.invoke0(Native Method)
	at sun.reflect.NativeMethodAccessorImpl.invoke(NativeMethodAccessorImpl.java:62)
	at sun.reflect.DelegatingMethodAccessorImpl.invoke(DelegatingMethodAccessorImpl.java:43)
	at java.lang.reflect.Method.invoke(Method.java:498)
	at org.springframework.beans.factory.support.SimpleInstantiationStrategy.instantiate(SimpleInstantiationStrategy.java:154)
	... 87 common frames omitted
2021-03-22 13:33:17.740 ERROR [main] [org.springframework.test.context.TestContextManager] - Caught exception while allowing TestExecutionListener [org.springframework.test.context.web.ServletTestExecutionListener@5a7fe64f] to prepare test instance [com.liao.ProviderServerApplicationTests@6b00ad9]
java.lang.IllegalStateException: Failed to load ApplicationContext
	at org.springframework.test.context.cache.DefaultCacheAwareContextLoaderDelegate.loadContext(DefaultCacheAwareContextLoaderDelegate.java:132)
	at org.springframework.test.context.support.DefaultTestContext.getApplicationContext(DefaultTestContext.java:124)
	at org.springframework.test.context.web.ServletTestExecutionListener.setUpRequestContextIfNecessary(ServletTestExecutionListener.java:190)
	at org.springframework.test.context.web.ServletTestExecutionListener.prepareTestInstance(ServletTestExecutionListener.java:132)
	at org.springframework.test.context.TestContextManager.prepareTestInstance(TestContextManager.java:244)
	at org.springframework.test.context.junit.jupiter.SpringExtension.postProcessTestInstance(SpringExtension.java:138)
	at org.junit.jupiter.engine.descriptor.ClassBasedTestDescriptor.lambda$invokeTestInstancePostProcessors$6(ClassBasedTestDescriptor.java:350)
	at org.junit.jupiter.engine.descriptor.ClassBasedTestDescriptor.executeAndMaskThrowable(ClassBasedTestDescriptor.java:355)
	at org.junit.jupiter.engine.descriptor.ClassBasedTestDescriptor.lambda$invokeTestInstancePostProcessors$7(ClassBasedTestDescriptor.java:350)
	at java.util.stream.ReferencePipeline$3$1.accept(ReferencePipeline.java:193)
	at java.util.stream.ReferencePipeline$2$1.accept(ReferencePipeline.java:175)
	at java.util.ArrayList$ArrayListSpliterator.forEachRemaining(ArrayList.java:1382)
	at java.util.stream.AbstractPipeline.copyInto(AbstractPipeline.java:481)
	at java.util.stream.AbstractPipeline.wrapAndCopyInto(AbstractPipeline.java:471)
	at java.util.stream.StreamSpliterators$WrappingSpliterator.forEachRemaining(StreamSpliterators.java:312)
	at java.util.stream.Streams$ConcatSpliterator.forEachRemaining(Streams.java:743)
	at java.util.stream.Streams$ConcatSpliterator.forEachRemaining(Streams.java:742)
	at java.util.stream.ReferencePipeline$Head.forEach(ReferencePipeline.java:580)
	at org.junit.jupiter.engine.descriptor.ClassBasedTestDescriptor.invokeTestInstancePostProcessors(ClassBasedTestDescriptor.java:349)
	at org.junit.jupiter.engine.descriptor.ClassBasedTestDescriptor.lambda$instantiateAndPostProcessTestInstance$4(ClassBasedTestDescriptor.java:270)
	at org.junit.platform.engine.support.hierarchical.ThrowableCollector.execute(ThrowableCollector.java:73)
	at org.junit.jupiter.engine.descriptor.ClassBasedTestDescriptor.instantiateAndPostProcessTestInstance(ClassBasedTestDescriptor.java:269)
	at org.junit.jupiter.engine.descriptor.ClassBasedTestDescriptor.lambda$testInstancesProvider$2(ClassBasedTestDescriptor.java:259)
	at java.util.Optional.orElseGet(Optional.java:267)
	at org.junit.jupiter.engine.descriptor.ClassBasedTestDescriptor.lambda$testInstancesProvider$3(ClassBasedTestDescriptor.java:258)
	at org.junit.jupiter.engine.execution.TestInstancesProvider.getTestInstances(TestInstancesProvider.java:31)
	at org.junit.jupiter.engine.descriptor.TestMethodTestDescriptor.lambda$prepare$0(TestMethodTestDescriptor.java:101)
	at org.junit.platform.engine.support.hierarchical.ThrowableCollector.execute(ThrowableCollector.java:73)
	at org.junit.jupiter.engine.descriptor.TestMethodTestDescriptor.prepare(TestMethodTestDescriptor.java:100)
	at org.junit.jupiter.engine.descriptor.TestMethodTestDescriptor.prepare(TestMethodTestDescriptor.java:65)
	at org.junit.platform.engine.support.hierarchical.NodeTestTask.lambda$prepare$1(NodeTestTask.java:111)
	at org.junit.platform.engine.support.hierarchical.ThrowableCollector.execute(ThrowableCollector.java:73)
	at org.junit.platform.engine.support.hierarchical.NodeTestTask.prepare(NodeTestTask.java:111)
	at org.junit.platform.engine.support.hierarchical.NodeTestTask.execute(NodeTestTask.java:79)
	at java.util.ArrayList.forEach(ArrayList.java:1257)
	at org.junit.platform.engine.support.hierarchical.SameThreadHierarchicalTestExecutorService.invokeAll(SameThreadHierarchicalTestExecutorService.java:38)
	at org.junit.platform.engine.support.hierarchical.NodeTestTask.lambda$executeRecursively$5(NodeTestTask.java:143)
	at org.junit.platform.engine.support.hierarchical.ThrowableCollector.execute(ThrowableCollector.java:73)
	at org.junit.platform.engine.support.hierarchical.NodeTestTask.lambda$executeRecursively$7(NodeTestTask.java:129)
	at org.junit.platform.engine.support.hierarchical.Node.around(Node.java:137)
	at org.junit.platform.engine.support.hierarchical.NodeTestTask.lambda$executeRecursively$8(NodeTestTask.java:127)
	at org.junit.platform.engine.support.hierarchical.ThrowableCollector.execute(ThrowableCollector.java:73)
	at org.junit.platform.engine.support.hierarchical.NodeTestTask.executeRecursively(NodeTestTask.java:126)
	at org.junit.platform.engine.support.hierarchical.NodeTestTask.execute(NodeTestTask.java:84)
	at java.util.ArrayList.forEach(ArrayList.java:1257)
	at org.junit.platform.engine.support.hierarchical.SameThreadHierarchicalTestExecutorService.invokeAll(SameThreadHierarchicalTestExecutorService.java:38)
	at org.junit.platform.engine.support.hierarchical.NodeTestTask.lambda$executeRecursively$5(NodeTestTask.java:143)
	at org.junit.platform.engine.support.hierarchical.ThrowableCollector.execute(ThrowableCollector.java:73)
	at org.junit.platform.engine.support.hierarchical.NodeTestTask.lambda$executeRecursively$7(NodeTestTask.java:129)
	at org.junit.platform.engine.support.hierarchical.Node.around(Node.java:137)
	at org.junit.platform.engine.support.hierarchical.NodeTestTask.lambda$executeRecursively$8(NodeTestTask.java:127)
	at org.junit.platform.engine.support.hierarchical.ThrowableCollector.execute(ThrowableCollector.java:73)
	at org.junit.platform.engine.support.hierarchical.NodeTestTask.executeRecursively(NodeTestTask.java:126)
	at org.junit.platform.engine.support.hierarchical.NodeTestTask.execute(NodeTestTask.java:84)
	at org.junit.platform.engine.support.hierarchical.SameThreadHierarchicalTestExecutorService.submit(SameThreadHierarchicalTestExecutorService.java:32)
	at org.junit.platform.engine.support.hierarchical.HierarchicalTestExecutor.execute(HierarchicalTestExecutor.java:57)
	at org.junit.platform.engine.support.hierarchical.HierarchicalTestEngine.execute(HierarchicalTestEngine.java:51)
	at org.junit.platform.launcher.core.DefaultLauncher.execute(DefaultLauncher.java:220)
	at org.junit.platform.launcher.core.DefaultLauncher.lambda$execute$6(DefaultLauncher.java:188)
	at org.junit.platform.launcher.core.DefaultLauncher.withInterceptedStreams(DefaultLauncher.java:202)
	at org.junit.platform.launcher.core.DefaultLauncher.execute(DefaultLauncher.java:181)
	at org.junit.platform.launcher.core.DefaultLauncher.execute(DefaultLauncher.java:128)
	at org.apache.maven.surefire.junitplatform.JUnitPlatformProvider.invokeAllTests(JUnitPlatformProvider.java:150)
	at org.apache.maven.surefire.junitplatform.JUnitPlatformProvider.invoke(JUnitPlatformProvider.java:124)
	at org.apache.maven.surefire.booter.ForkedBooter.invokeProviderInSameClassLoader(ForkedBooter.java:384)
	at org.apache.maven.surefire.booter.ForkedBooter.runSuitesInProcess(ForkedBooter.java:345)
	at org.apache.maven.surefire.booter.ForkedBooter.execute(ForkedBooter.java:126)
	at org.apache.maven.surefire.booter.ForkedBooter.main(ForkedBooter.java:418)
Caused by: org.springframework.beans.factory.BeanCreationException: Error creating bean with name 'zookeeperClient' defined in class path resource [github/ant/mxsm/zkclient/spring/boot/autoconfigure/ZookeeperClientAutoConfigure.class]: Bean instantiation via factory method failed; nested exception is org.springframework.beans.BeanInstantiationException: Failed to instantiate [github.mxsm.zkclient.ZookeeperClient]: Factory method 'zookeeperClient' threw exception; nested exception is java.lang.IllegalArgumentException:  spring.mxsm.zkclient.servers is blank
	at org.springframework.beans.factory.support.ConstructorResolver.instantiate(ConstructorResolver.java:658)
	at org.springframework.beans.factory.support.ConstructorResolver.instantiateUsingFactoryMethod(ConstructorResolver.java:486)
	at org.springframework.beans.factory.support.AbstractAutowireCapableBeanFactory.instantiateUsingFactoryMethod(AbstractAutowireCapableBeanFactory.java:1334)
	at org.springframework.beans.factory.support.AbstractAutowireCapableBeanFactory.createBeanInstance(AbstractAutowireCapableBeanFactory.java:1177)
	at org.springframework.beans.factory.support.AbstractAutowireCapableBeanFactory.doCreateBean(AbstractAutowireCapableBeanFactory.java:564)
	at org.springframework.beans.factory.support.AbstractAutowireCapableBeanFactory.createBean(AbstractAutowireCapableBeanFactory.java:524)
	at org.springframework.beans.factory.support.AbstractBeanFactory.lambda$doGetBean$0(AbstractBeanFactory.java:335)
	at org.springframework.beans.factory.support.DefaultSingletonBeanRegistry.getSingleton(DefaultSingletonBeanRegistry.java:234)
	at org.springframework.beans.factory.support.AbstractBeanFactory.doGetBean(AbstractBeanFactory.java:333)
	at org.springframework.beans.factory.support.AbstractBeanFactory.getBean(AbstractBeanFactory.java:208)
	at org.springframework.beans.factory.support.DefaultListableBeanFactory.preInstantiateSingletons(DefaultListableBeanFactory.java:944)
	at org.springframework.context.support.AbstractApplicationContext.finishBeanFactoryInitialization(AbstractApplicationContext.java:918)
	at org.springframework.context.support.AbstractApplicationContext.refresh(AbstractApplicationContext.java:583)
	at org.springframework.boot.SpringApplication.refresh(SpringApplication.java:769)
	at org.springframework.boot.SpringApplication.refresh(SpringApplication.java:761)
	at org.springframework.boot.SpringApplication.refreshContext(SpringApplication.java:426)
	at org.springframework.boot.SpringApplication.run(SpringApplication.java:326)
	at org.springframework.boot.test.context.SpringBootContextLoader.loadContext(SpringBootContextLoader.java:123)
	at org.springframework.test.context.cache.DefaultCacheAwareContextLoaderDelegate.loadContextInternal(DefaultCacheAwareContextLoaderDelegate.java:99)
	at org.springframework.test.context.cache.DefaultCacheAwareContextLoaderDelegate.loadContext(DefaultCacheAwareContextLoaderDelegate.java:124)
	... 67 common frames omitted
Caused by: org.springframework.beans.BeanInstantiationException: Failed to instantiate [github.mxsm.zkclient.ZookeeperClient]: Factory method 'zookeeperClient' threw exception; nested exception is java.lang.IllegalArgumentException:  spring.mxsm.zkclient.servers is blank
	at org.springframework.beans.factory.support.SimpleInstantiationStrategy.instantiate(SimpleInstantiationStrategy.java:185)
	at org.springframework.beans.factory.support.ConstructorResolver.instantiate(ConstructorResolver.java:653)
	... 86 common frames omitted
Caused by: java.lang.IllegalArgumentException:  spring.mxsm.zkclient.servers is blank
	at github.ant.mxsm.zkclient.spring.boot.autoconfigure.ZookeeperClientAutoConfigure.checkNecessaryParams(ZookeeperClientAutoConfigure.java:105)
	at github.ant.mxsm.zkclient.spring.boot.autoconfigure.ZookeeperClientAutoConfigure.zookeeperClient(ZookeeperClientAutoConfigure.java:43)
	at github.ant.mxsm.zkclient.spring.boot.autoconfigure.ZookeeperClientAutoConfigure$$EnhancerBySpringCGLIB$$5cab7bdf.CGLIB$zookeeperClient$0(<generated>)
	at github.ant.mxsm.zkclient.spring.boot.autoconfigure.ZookeeperClientAutoConfigure$$EnhancerBySpringCGLIB$$5cab7bdf$$FastClassBySpringCGLIB$$e3a4d5c8.invoke(<generated>)
	at org.springframework.cglib.proxy.MethodProxy.invokeSuper(MethodProxy.java:244)
	at org.springframework.context.annotation.ConfigurationClassEnhancer$BeanMethodInterceptor.intercept(ConfigurationClassEnhancer.java:331)
	at github.ant.mxsm.zkclient.spring.boot.autoconfigure.ZookeeperClientAutoConfigure$$EnhancerBySpringCGLIB$$5cab7bdf.zookeeperClient(<generated>)
	at sun.reflect.NativeMethodAccessorImpl.invoke0(Native Method)
	at sun.reflect.NativeMethodAccessorImpl.invoke(NativeMethodAccessorImpl.java:62)
	at sun.reflect.DelegatingMethodAccessorImpl.invoke(DelegatingMethodAccessorImpl.java:43)
	at java.lang.reflect.Method.invoke(Method.java:498)
	at org.springframework.beans.factory.support.SimpleInstantiationStrategy.instantiate(SimpleInstantiationStrategy.java:154)
	... 87 common frames omitted
]]></system-out>
  </testcase>
</testsuite>